{"logTime": "1001/172118", "correlationVector":"qAhlADwx1e9wi5D6pU5Kv3.166","action":"GetUpdates", "result":"DeleteReceived", "context":{"id":"c6761027-7159-444d-bf32-548c1a97f4ab", "isDeleted:":"true", "version":"1694799171197"}}
{"logTime": "1001/172118", "correlationVector":"qAhlADwx1e9wi5D6pU5Kv3.167","action":"GetUpdates", "result":"DeleteReceived", "context":{"id":"9797f744-5a9f-49d4-b92e-ffeb42fc56ca", "isDeleted:":"true", "version":"1694800569915"}}
{"logTime": "1001/172118", "correlationVector":"qAhlADwx1e9wi5D6pU5Kv3.168","action":"GetUpdates", "result":"DeleteReceived", "context":{"id":"21661c9d-3d5b-46f9-9989-e001015f0512", "isDeleted:":"true", "version":"1694802427339"}}
{"logTime": "1001/172118", "correlationVector":"qAhlADwx1e9wi5D6pU5Kv3.169","action":"GetUpdates", "result":"DeleteReceived", "context":{"id":"6033feee-c575-444b-8f1c-054b1ddfeac2", "isDeleted:":"true", "version":"1694805582894"}}
{"logTime": "1001/172118", "correlationVector":"qAhlADwx1e9wi5D6pU5Kv3.170","action":"GetUpdates", "result":"DeleteReceived", "context":{"id":"21da0847-0d43-4f81-9dd0-564d1bb516a2", "isDeleted:":"true", "version":"1694946050215"}}
{"logTime": "1001/172118", "correlationVector":"qAhlADwx1e9wi5D6pU5Kv3.171","action":"GetUpdates", "result":"DeleteReceived", "context":{"id":"1e7172e0-406b-4567-8c21-c7c4a12ef807", "isDeleted:":"true", "version":"1694946423249"}}
{"logTime": "1001/172118", "correlationVector":"qAhlADwx1e9wi5D6pU5Kv3.172","action":"GetUpdates", "result":"DeleteReceived", "context":{"id":"f11180cc-a9b0-4d63-bfbe-2ec57828d5ca", "isDeleted:":"true", "version":"1694946781540"}}
{"logTime": "1001/172118", "correlationVector":"qAhlADwx1e9wi5D6pU5Kv3.173","action":"GetUpdates", "result":"DeleteReceived", "context":{"id":"69c8c40a-748f-4bcc-bbc0-332c27222d67", "isDeleted:":"true", "version":"1694946781541"}}
{"logTime": "1001/172118", "correlationVector":"qAhlADwx1e9wi5D6pU5Kv3.174","action":"GetUpdates", "result":"DeleteReceived", "context":{"id":"e6a84824-2b1d-4afe-8abc-8e4b0f70a8f4", "isDeleted:":"true", "version":"1694947190655"}}
{"logTime": "1001/172118", "correlationVector":"qAhlADwx1e9wi5D6pU5Kv3.175","action":"GetUpdates", "result":"DeleteReceived", "context":{"id":"743d2905-1de2-4a70-8d1d-ce1c7e3b2d21", "isDeleted:":"true", "version":"1694949272468"}}
{"logTime": "1001/172118", "correlationVector":"qAhlADwx1e9wi5D6pU5Kv3.176","action":"GetUpdates", "result":"DeleteReceived", "context":{"id":"3ead7a23-59dc-4839-a64a-2cdb7f2f70e0", "isDeleted:":"true", "version":"1694976771460"}}
{"logTime": "1001/172118", "correlationVector":"qAhlADwx1e9wi5D6pU5Kv3.177","action":"GetUpdates", "result":"DeleteReceived", "context":{"id":"4f5e1ea1-2853-445e-831f-27254005eb77", "isDeleted:":"true", "version":"1694976771462"}}
{"logTime": "1001/172118", "correlationVector":"qAhlADwx1e9wi5D6pU5Kv3.178","action":"GetUpdates", "result":"DeleteReceived", "context":{"id":"b108264c-dfb1-45d1-b89d-b4d39f7795f1", "isDeleted:":"true", "version":"1694985909511"}}
{"logTime": "1001/172118", "correlationVector":"qAhlADwx1e9wi5D6pU5Kv3.179","action":"GetUpdates", "result":"DeleteReceived", "context":{"id":"77c0f4d0-7822-46e7-850d-d89ee98b69d6", "isDeleted:":"true", "version":"1694986011281"}}
{"logTime": "1001/172118", "correlationVector":"qAhlADwx1e9wi5D6pU5Kv3.180","action":"GetUpdates", "result":"DeleteReceived", "context":{"id":"6ce44a4f-ff1b-466e-a4a3-021c9433372b", "isDeleted:":"true", "version":"1694986049447"}}
{"logTime": "1001/172118", "correlationVector":"qAhlADwx1e9wi5D6pU5Kv3.181","action":"GetUpdates", "result":"DeleteReceived", "context":{"id":"8dbc1e10-4c45-440c-abed-c8bfd76bbfd8", "isDeleted:":"true", "version":"1694986079732"}}
{"logTime": "1001/172118", "correlationVector":"qAhlADwx1e9wi5D6pU5Kv3.182","action":"GetUpdates", "result":"DeleteReceived", "context":{"id":"94630e2a-1ba5-4370-9d28-429b8a7df6e1", "isDeleted:":"true", "version":"1694987064530"}}
{"logTime": "1001/172118", "correlationVector":"qAhlADwx1e9wi5D6pU5Kv3.183","action":"GetUpdates", "result":"DeleteReceived", "context":{"id":"f67120d6-47a9-4d6b-8793-990d1c8e1b18", "isDeleted:":"true", "version":"1694987328848"}}
{"logTime": "1001/172118", "correlationVector":"qAhlADwx1e9wi5D6pU5Kv3.184","action":"GetUpdates", "result":"DeleteReceived", "context":{"id":"fdc9de63-de52-4a52-a387-e10fa8e56971", "isDeleted:":"true", "version":"1694987328849"}}
{"logTime": "1001/172118", "correlationVector":"qAhlADwx1e9wi5D6pU5Kv3.185","action":"GetUpdates", "result":"DeleteReceived", "context":{"id":"981d201e-d726-4183-b6e6-b3ce47d82dd7", "isDeleted:":"true", "version":"1695034281843"}}
{"logTime": "1001/172118", "correlationVector":"qAhlADwx1e9wi5D6pU5Kv3.186","action":"GetUpdates", "result":"DeleteReceived", "context":{"id":"2e1f5dc8-2245-42b7-aa86-ccf612ae2770", "isDeleted:":"true", "version":"1695038563967"}}
{"logTime": "1001/172118", "correlationVector":"qAhlADwx1e9wi5D6pU5Kv3.187","action":"GetUpdates", "result":"DeleteReceived", "context":{"id":"eb5cd90a-a991-4cd0-97a6-ab5e28337864", "isDeleted:":"true", "version":"1695039445137"}}
{"logTime": "1001/172118", "correlationVector":"qAhlADwx1e9wi5D6pU5Kv3.188","action":"GetUpdates", "result":"DeleteReceived", "context":{"id":"e4b985e3-2f10-4d09-8f11-7f9ef3a396a4", "isDeleted:":"true", "version":"1695039528915"}}
{"logTime": "1001/172118", "correlationVector":"qAhlADwx1e9wi5D6pU5Kv3.189","action":"GetUpdates", "result":"DeleteReceived", "context":{"id":"6e72883a-9a0f-4582-81ca-09aee9b4f620", "isDeleted:":"true", "version":"1695039528918"}}
{"logTime": "1001/172118", "correlationVector":"qAhlADwx1e9wi5D6pU5Kv3.190","action":"GetUpdates", "result":"DeleteReceived", "context":{"id":"5a5f82e8-46e0-4b86-9fdd-752db2b16be1", "isDeleted:":"true", "version":"1695039684800"}}
{"logTime": "1001/172118", "correlationVector":"qAhlADwx1e9wi5D6pU5Kv3.191","action":"GetUpdates", "result":"DeleteReceived", "context":{"id":"08579457-fb79-4df2-b5b8-197994059df5", "isDeleted:":"true", "version":"1695040950718"}}
{"logTime": "1001/172118", "correlationVector":"qAhlADwx1e9wi5D6pU5Kv3.192","action":"GetUpdates", "result":"DeleteReceived", "context":{"id":"9f378b10-e43d-4474-8a21-9721c29bcf51", "isDeleted:":"true", "version":"1695042378325"}}
{"logTime": "1001/172118", "correlationVector":"qAhlADwx1e9wi5D6pU5Kv3.193","action":"GetUpdates Response", "result":"SERVER_MORE_TO_DOWNLOAD", "context":Received 250 update(s).  Some updates remain.}
{"logTime": "1001/172118", "correlationVector":"iH4H2bQ+U6P6L+e09WWrVQ","action":"Initial GetUpdates", "result":"", "context":Reason: NEWLY_SUPPORTED_DATATYPE. cV=iH4H2bQ+U6P6L+e09WWrVQ}
{"logTime": "1001/172118", "correlationVector":"iH4H2bQ+U6P6L+e09WWrVQ.1","action":"SyncServerConnectionManagerRequest", "result":"SYNC_SERVER_OK", "context":{"environment":"Prod_WestEurope_000l", "migrationStage":"NotStarted", "server":"general01000024"}}
{"logTime": "1001/172118", "correlationVector":"iH4H2bQ+U6P6L+e09WWrVQ.2","action":"GetUpdates", "result":"DeleteReceived", "context":{"id":"3b8ce8fa-2711-46e6-bd37-f1414f38f762", "isDeleted:":"true", "version":"1695042471956"}}
{"logTime": "1001/172118", "correlationVector":"iH4H2bQ+U6P6L+e09WWrVQ.3","action":"GetUpdates", "result":"DeleteReceived", "context":{"id":"737b5c71-d6bc-4ebd-99ef-266a5842c439", "isDeleted:":"true", "version":"1695042471957"}}
{"logTime": "1001/172118", "correlationVector":"iH4H2bQ+U6P6L+e09WWrVQ.4","action":"GetUpdates", "result":"DeleteReceived", "context":{"id":"27ce6693-c629-4c62-a845-32ba15cdddc4", "isDeleted:":"true", "version":"1695042471958"}}
{"logTime": "1001/172118", "correlationVector":"iH4H2bQ+U6P6L+e09WWrVQ.5","action":"GetUpdates", "result":"DeleteReceived", "context":{"id":"09cffcbe-6836-416d-8801-f71f4e194ece", "isDeleted:":"true", "version":"1695042471959"}}
{"logTime": "1001/172118", "correlationVector":"iH4H2bQ+U6P6L+e09WWrVQ.6","action":"GetUpdates", "result":"DeleteReceived", "context":{"id":"853e0d88-22ec-4bb3-a243-b9078dc0d8e0", "isDeleted:":"true", "version":"1695042471960"}}
{"logTime": "1001/172118", "correlationVector":"iH4H2bQ+U6P6L+e09WWrVQ.7","action":"GetUpdates", "result":"DeleteReceived", "context":{"id":"7453b098-5b9a-4dbb-95c8-439869368478", "isDeleted:":"true", "version":"1695042473858"}}
{"logTime": "1001/172118", "correlationVector":"iH4H2bQ+U6P6L+e09WWrVQ.8","action":"GetUpdates", "result":"DeleteReceived", "context":{"id":"f726a2d6-bdac-47b5-b7fb-9cfbf71a4959", "isDeleted:":"true", "version":"1695042473859"}}
{"logTime": "1001/172118", "correlationVector":"iH4H2bQ+U6P6L+e09WWrVQ.9","action":"GetUpdates", "result":"DeleteReceived", "context":{"id":"59dd8fa2-279f-4e42-a136-0d3728d6ee03", "isDeleted:":"true", "version":"1695042473860"}}
{"logTime": "1001/172118", "correlationVector":"iH4H2bQ+U6P6L+e09WWrVQ.10","action":"GetUpdates", "result":"DeleteReceived", "context":{"id":"efac0f2a-4e0d-41d5-a198-0d49fd012cd4", "isDeleted:":"true", "version":"1695042473861"}}
{"logTime": "1001/172118", "correlationVector":"iH4H2bQ+U6P6L+e09WWrVQ.11","action":"GetUpdates", "result":"DeleteReceived", "context":{"id":"d101796a-2521-4c7c-bf97-243259cc555b", "isDeleted:":"true", "version":"1695042473862"}}
{"logTime": "1001/172118", "correlationVector":"iH4H2bQ+U6P6L+e09WWrVQ.12","action":"GetUpdates", "result":"DeleteReceived", "context":{"id":"fe19f226-5ed0-4c0d-9ca5-b234074b91e6", "isDeleted:":"true", "version":"1695042473863"}}
{"logTime": "1001/172118", "correlationVector":"iH4H2bQ+U6P6L+e09WWrVQ.13","action":"GetUpdates", "result":"DeleteReceived", "context":{"id":"b6162f29-b35d-4fb1-bdaf-877ba70736a0", "isDeleted:":"true", "version":"1695042473864"}}
{"logTime": "1001/172118", "correlationVector":"iH4H2bQ+U6P6L+e09WWrVQ.14","action":"GetUpdates", "result":"DeleteReceived", "context":{"id":"649a669f-89b4-409b-8483-9b99720da1a7", "isDeleted:":"true", "version":"1695042473865"}}
{"logTime": "1001/172118", "correlationVector":"iH4H2bQ+U6P6L+e09WWrVQ.15","action":"GetUpdates", "result":"DeleteReceived", "context":{"id":"a89e197d-7c3d-4ec2-b645-cc5b770f235f", "isDeleted:":"true", "version":"1695042473866"}}
{"logTime": "1001/172118", "correlationVector":"iH4H2bQ+U6P6L+e09WWrVQ.16","action":"GetUpdates", "result":"DeleteReceived", "context":{"id":"71bd3aec-948c-414e-9eb8-9e45d3f34813", "isDeleted:":"true", "version":"1695042473867"}}
{"logTime": "1001/172118", "correlationVector":"iH4H2bQ+U6P6L+e09WWrVQ.17","action":"GetUpdates", "result":"DeleteReceived", "context":{"id":"815c5256-9aaf-4453-aad6-5c23ea789396", "isDeleted:":"true", "version":"1695042473868"}}
{"logTime": "1001/172118", "correlationVector":"iH4H2bQ+U6P6L+e09WWrVQ.18","action":"GetUpdates", "result":"DeleteReceived", "context":{"id":"cfc85f81-f2d7-4703-9644-a00fae7f28f4", "isDeleted:":"true", "version":"1695042473869"}}
{"logTime": "1001/172118", "correlationVector":"iH4H2bQ+U6P6L+e09WWrVQ.19","action":"GetUpdates", "result":"DeleteReceived", "context":{"id":"e186811b-a500-4a6e-abd0-37c3f6bc676c", "isDeleted:":"true", "version":"1695042473870"}}
{"logTime": "1001/172118", "correlationVector":"iH4H2bQ+U6P6L+e09WWrVQ.20","action":"GetUpdates", "result":"DeleteReceived", "context":{"id":"4cf04475-6ee3-4637-9729-49310a4591f3", "isDeleted:":"true", "version":"1695042473871"}}
{"logTime": "1001/172118", "correlationVector":"iH4H2bQ+U6P6L+e09WWrVQ.21","action":"GetUpdates", "result":"DeleteReceived", "context":{"id":"05243402-1f81-4c69-9b5b-f86179175a3f", "isDeleted:":"true", "version":"1695042473872"}}
{"logTime": "1001/172118", "correlationVector":"iH4H2bQ+U6P6L+e09WWrVQ.22","action":"GetUpdates", "result":"DeleteReceived", "context":{"id":"46335058-5fba-4cfe-86b6-28275d4e0eb6", "isDeleted:":"true", "version":"1695042473873"}}
{"logTime": "1001/172118", "correlationVector":"iH4H2bQ+U6P6L+e09WWrVQ.23","action":"GetUpdates", "result":"DeleteReceived", "context":{"id":"e5475143-7600-4dcc-af6c-3ea417657c86", "isDeleted:":"true", "version":"1695042473874"}}
{"logTime": "1001/172118", "correlationVector":"iH4H2bQ+U6P6L+e09WWrVQ.24","action":"GetUpdates", "result":"DeleteReceived", "context":{"id":"90cc2a58-67ff-435f-a54c-4e79b954f84f", "isDeleted:":"true", "version":"1695042473875"}}
{"logTime": "1001/172118", "correlationVector":"iH4H2bQ+U6P6L+e09WWrVQ.25","action":"GetUpdates", "result":"DeleteReceived", "context":{"id":"ae2c5db4-9c80-4afd-88f1-8d931c733481", "isDeleted:":"true", "version":"1695042473876"}}
{"logTime": "1001/172118", "correlationVector":"iH4H2bQ+U6P6L+e09WWrVQ.26","action":"GetUpdates", "result":"DeleteReceived", "context":{"id":"bffde39d-2966-49f4-8bc9-d1ca379a585a", "isDeleted:":"true", "version":"1695042473877"}}
{"logTime": "1001/172118", "correlationVector":"iH4H2bQ+U6P6L+e09WWrVQ.27","action":"GetUpdates", "result":"DeleteReceived", "context":{"id":"2e1cbdde-91b3-4561-b51b-b75f27d33fc5", "isDeleted:":"true", "version":"1695042475117"}}
{"logTime": "1001/172118", "correlationVector":"iH4H2bQ+U6P6L+e09WWrVQ.28","action":"GetUpdates", "result":"DeleteReceived", "context":{"id":"dcda9819-3071-4716-b567-d6beb112449a", "isDeleted:":"true", "version":"1695042475118"}}
{"logTime": "1001/172118", "correlationVector":"iH4H2bQ+U6P6L+e09WWrVQ.29","action":"GetUpdates", "result":"DeleteReceived", "context":{"id":"98ae108d-1bdd-4d6e-88dc-e3af0526f315", "isDeleted:":"true", "version":"1695042475119"}}
{"logTime": "1001/172118", "correlationVector":"iH4H2bQ+U6P6L+e09WWrVQ.30","action":"GetUpdates", "result":"DeleteReceived", "context":{"id":"c8048d94-2efa-4ebc-afce-88dc531a223f", "isDeleted:":"true", "version":"1695042475120"}}
{"logTime": "1001/172118", "correlationVector":"iH4H2bQ+U6P6L+e09WWrVQ.31","action":"GetUpdates", "result":"DeleteReceived", "context":{"id":"6c460d8d-7d37-45f7-9766-80f30ea6c3b2", "isDeleted:":"true", "version":"1695042475121"}}
{"logTime": "1001/172118", "correlationVector":"iH4H2bQ+U6P6L+e09WWrVQ.32","action":"GetUpdates", "result":"DeleteReceived", "context":{"id":"7c790fd8-d7bc-458a-9c60-5c70e6f819d5", "isDeleted:":"true", "version":"1695042475122"}}
{"logTime": "1001/172118", "correlationVector":"iH4H2bQ+U6P6L+e09WWrVQ.33","action":"GetUpdates", "result":"DeleteReceived", "context":{"id":"333338e8-afce-4963-ae23-3fa785275ddf", "isDeleted:":"true", "version":"1695042475123"}}
{"logTime": "1001/172118", "correlationVector":"iH4H2bQ+U6P6L+e09WWrVQ.34","action":"GetUpdates", "result":"DeleteReceived", "context":{"id":"256052dc-88f7-4c6b-a1d9-761b962d863a", "isDeleted:":"true", "version":"1695042475124"}}
{"logTime": "1001/172118", "correlationVector":"iH4H2bQ+U6P6L+e09WWrVQ.35","action":"GetUpdates", "result":"DeleteReceived", "context":{"id":"532c9e44-1227-47d7-9828-30563c6af865", "isDeleted:":"true", "version":"1695042475125"}}
{"logTime": "1001/172118", "correlationVector":"iH4H2bQ+U6P6L+e09WWrVQ.36","action":"GetUpdates", "result":"DeleteReceived", "context":{"id":"66346002-b26c-439b-ad16-650e95a2b32a", "isDeleted:":"true", "version":"1695042475126"}}
{"logTime": "1001/172118", "correlationVector":"iH4H2bQ+U6P6L+e09WWrVQ.37","action":"GetUpdates", "result":"DeleteReceived", "context":{"id":"e93807fb-2ec8-424d-bfc3-1c92681029b9", "isDeleted:":"true", "version":"1695042475127"}}
{"logTime": "1001/172118", "correlationVector":"iH4H2bQ+U6P6L+e09WWrVQ.38","action":"GetUpdates", "result":"DeleteReceived", "context":{"id":"3ff4b706-d55a-46e1-8df0-c98e4bdba6a3", "isDeleted:":"true", "version":"1695042475128"}}
{"logTime": "1001/172118", "correlationVector":"iH4H2bQ+U6P6L+e09WWrVQ.39","action":"GetUpdates", "result":"DeleteReceived", "context":{"id":"e613331b-b382-42c0-a485-be1c1c7b75ad", "isDeleted:":"true", "version":"1695042475129"}}
{"logTime": "1001/172118", "correlationVector":"iH4H2bQ+U6P6L+e09WWrVQ.40","action":"GetUpdates", "result":"DeleteReceived", "context":{"id":"99dfc770-8d88-4560-9090-0552e16496ae", "isDeleted:":"true", "version":"1695042475130"}}
{"logTime": "1001/172118", "correlationVector":"iH4H2bQ+U6P6L+e09WWrVQ.41","action":"GetUpdates", "result":"DeleteReceived", "context":{"id":"df4aa749-66c1-4456-bbd7-f4b8db8f50a6", "isDeleted:":"true", "version":"1695042475131"}}
{"logTime": "1001/172118", "correlationVector":"iH4H2bQ+U6P6L+e09WWrVQ.42","action":"GetUpdates", "result":"DeleteReceived", "context":{"id":"4560f900-0661-4b10-936e-17b0240f75e4", "isDeleted:":"true", "version":"1695042475132"}}
{"logTime": "1001/172118", "correlationVector":"iH4H2bQ+U6P6L+e09WWrVQ.43","action":"GetUpdates", "result":"DeleteReceived", "context":{"id":"357411bf-c7e6-4fff-b4b6-02896e9e6a12", "isDeleted:":"true", "version":"1695042475133"}}
{"logTime": "1001/172118", "correlationVector":"iH4H2bQ+U6P6L+e09WWrVQ.44","action":"GetUpdates", "result":"DeleteReceived", "context":{"id":"a8915833-612f-4bbd-95bf-8120edc8cdee", "isDeleted:":"true", "version":"1695042475134"}}
{"logTime": "1001/172118", "correlationVector":"iH4H2bQ+U6P6L+e09WWrVQ.45","action":"GetUpdates", "result":"DeleteReceived", "context":{"id":"83a8cc91-0013-40f1-91ed-da26dcad1176", "isDeleted:":"true", "version":"1695042475135"}}
{"logTime": "1001/172118", "correlationVector":"iH4H2bQ+U6P6L+e09WWrVQ.46","action":"GetUpdates", "result":"DeleteReceived", "context":{"id":"7c91f2ab-f3c7-4a6d-96a8-5aec0adf006a", "isDeleted:":"true", "version":"1695042475136"}}
{"logTime": "1001/172118", "correlationVector":"iH4H2bQ+U6P6L+e09WWrVQ.47","action":"GetUpdates", "result":"DeleteReceived", "context":{"id":"51153771-cabb-4b05-b2a9-2bad5d1488be", "isDeleted:":"true", "version":"1695042476844"}}
{"logTime": "1001/172118", "correlationVector":"iH4H2bQ+U6P6L+e09WWrVQ.48","action":"GetUpdates", "result":"DeleteReceived", "context":{"id":"0887e17f-f526-4eaa-870e-10ced0c813f2", "isDeleted:":"true", "version":"1695042476845"}}
{"logTime": "1001/172118", "correlationVector":"iH4H2bQ+U6P6L+e09WWrVQ.49","action":"GetUpdates", "result":"DeleteReceived", "context":{"id":"2e14625b-4524-45e9-8dc8-547c5085e92a", "isDeleted:":"true", "version":"1695042476846"}}
{"logTime": "1001/172118", "correlationVector":"iH4H2bQ+U6P6L+e09WWrVQ.50","action":"GetUpdates", "result":"DeleteReceived", "context":{"id":"17ba15ab-4f52-4bcf-b6fe-44a218cb95dd", "isDeleted:":"true", "version":"1695042476847"}}
{"logTime": "1001/172118", "correlationVector":"iH4H2bQ+U6P6L+e09WWrVQ.51","action":"GetUpdates", "result":"DeleteReceived", "context":{"id":"49a91f12-772a-47e8-95fb-691cd7a04f5a", "isDeleted:":"true", "version":"1695042476848"}}
{"logTime": "1001/172118", "correlationVector":"iH4H2bQ+U6P6L+e09WWrVQ.52","action":"GetUpdates", "result":"DeleteReceived", "context":{"id":"42f4e966-7880-4830-b744-c1af48912b4f", "isDeleted:":"true", "version":"1695042476849"}}
{"logTime": "1001/172118", "correlationVector":"iH4H2bQ+U6P6L+e09WWrVQ.53","action":"GetUpdates", "result":"DeleteReceived", "context":{"id":"6be3b0fc-74f1-42ee-aa29-06a9ee077503", "isDeleted:":"true", "version":"1695042476850"}}
{"logTime": "1001/172118", "correlationVector":"iH4H2bQ+U6P6L+e09WWrVQ.54","action":"GetUpdates", "result":"DeleteReceived", "context":{"id":"bcb7cce3-0059-4875-92ea-d9678a53a597", "isDeleted:":"true", "version":"1695042476851"}}
{"logTime": "1001/172118", "correlationVector":"iH4H2bQ+U6P6L+e09WWrVQ.55","action":"GetUpdates", "result":"DeleteReceived", "context":{"id":"97ddaf5c-66d4-49cb-a3f2-b934b812458e", "isDeleted:":"true", "version":"1695042476852"}}
{"logTime": "1001/172118", "correlationVector":"iH4H2bQ+U6P6L+e09WWrVQ.56","action":"GetUpdates", "result":"DeleteReceived", "context":{"id":"36e0f2d0-979d-45db-844b-042e87442c0a", "isDeleted:":"true", "version":"1695042476853"}}
{"logTime": "1001/172118", "correlationVector":"iH4H2bQ+U6P6L+e09WWrVQ.57","action":"GetUpdates", "result":"DeleteReceived", "context":{"id":"42073205-03b9-4f44-a179-3fc35322a212", "isDeleted:":"true", "version":"1695042476854"}}
{"logTime": "1001/172118", "correlationVector":"iH4H2bQ+U6P6L+e09WWrVQ.58","action":"GetUpdates", "result":"DeleteReceived", "context":{"id":"b4f91580-9039-45a5-b18b-07c52614b7a7", "isDeleted:":"true", "version":"1695552118095"}}
{"logTime": "1001/172118", "correlationVector":"iH4H2bQ+U6P6L+e09WWrVQ.59","action":"GetUpdates", "result":"DeleteReceived", "context":{"id":"9e2abac4-b80a-484d-86ea-bc452ed49784", "isDeleted:":"true", "version":"1695042477908"}}
{"logTime": "1001/172118", "correlationVector":"iH4H2bQ+U6P6L+e09WWrVQ.60","action":"GetUpdates", "result":"DeleteReceived", "context":{"id":"5f3dc905-553e-4d8b-884f-022aa9730e92", "isDeleted:":"true", "version":"1695042510008"}}
{"logTime": "1001/172118", "correlationVector":"iH4H2bQ+U6P6L+e09WWrVQ.61","action":"GetUpdates", "result":"DeleteReceived", "context":{"id":"01b74dcd-6886-451c-a4d8-60591865d96b", "isDeleted:":"true", "version":"1695050936300"}}
{"logTime": "1001/172118", "correlationVector":"iH4H2bQ+U6P6L+e09WWrVQ.62","action":"GetUpdates", "result":"DeleteReceived", "context":{"id":"5884585c-4fd7-4b54-809f-8384127b58ce", "isDeleted:":"true", "version":"1695050936302"}}
{"logTime": "1001/172118", "correlationVector":"iH4H2bQ+U6P6L+e09WWrVQ.63","action":"GetUpdates", "result":"DeleteReceived", "context":{"id":"aebbcfe6-b76f-4749-ae63-84ef028bfbe8", "isDeleted:":"true", "version":"1695053222557"}}
{"logTime": "1001/172118", "correlationVector":"iH4H2bQ+U6P6L+e09WWrVQ.64","action":"GetUpdates", "result":"DeleteReceived", "context":{"id":"fc852bac-0bcd-49e2-a451-fbf2350cbe84", "isDeleted:":"true", "version":"1695058863239"}}
{"logTime": "1001/172118", "correlationVector":"iH4H2bQ+U6P6L+e09WWrVQ.65","action":"GetUpdates", "result":"DeleteReceived", "context":{"id":"68394159-500e-4360-8128-65d3b593cda2", "isDeleted:":"true", "version":"1695058863240"}}
{"logTime": "1001/172118", "correlationVector":"iH4H2bQ+U6P6L+e09WWrVQ.66","action":"GetUpdates", "result":"DeleteReceived", "context":{"id":"4c04da63-6f8e-4f34-bdc8-5e965ee8bebf", "isDeleted:":"true", "version":"1695058863242"}}
{"logTime": "1001/172118", "correlationVector":"iH4H2bQ+U6P6L+e09WWrVQ.67","action":"GetUpdates", "result":"DeleteReceived", "context":{"id":"b2e8f504-c41d-480c-b63c-d45c98192684", "isDeleted:":"true", "version":"1695058863243"}}
{"logTime": "1001/172118", "correlationVector":"iH4H2bQ+U6P6L+e09WWrVQ.68","action":"GetUpdates", "result":"DeleteReceived", "context":{"id":"515af3c6-8d9f-4a86-8d37-cf567974676b", "isDeleted:":"true", "version":"1695058993342"}}
{"logTime": "1001/172118", "correlationVector":"iH4H2bQ+U6P6L+e09WWrVQ.69","action":"GetUpdates", "result":"DeleteReceived", "context":{"id":"98f03e43-13f4-4ba0-9d5c-e9b1d09ee733", "isDeleted:":"true", "version":"1695059088155"}}
{"logTime": "1001/172118", "correlationVector":"iH4H2bQ+U6P6L+e09WWrVQ.70","action":"GetUpdates", "result":"DeleteReceived", "context":{"id":"a8f74f63-3811-403a-9f16-8a786683122d", "isDeleted:":"true", "version":"1695071743216"}}
{"logTime": "1001/172118", "correlationVector":"iH4H2bQ+U6P6L+e09WWrVQ.71","action":"GetUpdates", "result":"DeleteReceived", "context":{"id":"75ce6ed6-8898-46d7-9b44-63a7e69518a4", "isDeleted:":"true", "version":"1695071743218"}}
{"logTime": "1001/172118", "correlationVector":"iH4H2bQ+U6P6L+e09WWrVQ.72","action":"GetUpdates", "result":"DeleteReceived", "context":{"id":"2506dc54-911d-4c8e-b49e-ed7d7f597cd3", "isDeleted:":"true", "version":"1695072897306"}}
{"logTime": "1001/172118", "correlationVector":"iH4H2bQ+U6P6L+e09WWrVQ.73","action":"GetUpdates", "result":"DeleteReceived", "context":{"id":"5a6488ef-8936-44c7-b8e3-d3d7c3364d49", "isDeleted:":"true", "version":"1695136587847"}}
{"logTime": "1001/172118", "correlationVector":"iH4H2bQ+U6P6L+e09WWrVQ.74","action":"GetUpdates", "result":"DeleteReceived", "context":{"id":"952606ce-c13b-45cb-85e8-639f26f99bbc", "isDeleted:":"true", "version":"1695137143187"}}
{"logTime": "1001/172118", "correlationVector":"iH4H2bQ+U6P6L+e09WWrVQ.75","action":"GetUpdates", "result":"DeleteReceived", "context":{"id":"1ddbdb61-9471-4eac-9063-a3525a57215f", "isDeleted:":"true", "version":"1695140997004"}}
{"logTime": "1001/172118", "correlationVector":"iH4H2bQ+U6P6L+e09WWrVQ.76","action":"GetUpdates", "result":"DeleteReceived", "context":{"id":"86b75ca6-d1cb-42ee-9329-370ab5e9cbc6", "isDeleted:":"true", "version":"1695142627047"}}
{"logTime": "1001/172118", "correlationVector":"iH4H2bQ+U6P6L+e09WWrVQ.77","action":"GetUpdates", "result":"DeleteReceived", "context":{"id":"6a7c2b6d-0e90-40b4-ac2e-df8fc96dc99e", "isDeleted:":"true", "version":"1695145454024"}}
{"logTime": "1001/172118", "correlationVector":"iH4H2bQ+U6P6L+e09WWrVQ.78","action":"GetUpdates", "result":"DeleteReceived", "context":{"id":"debfc596-0113-437a-b0aa-f56ca5b63434", "isDeleted:":"true", "version":"1695145454026"}}
{"logTime": "1001/172118", "correlationVector":"iH4H2bQ+U6P6L+e09WWrVQ.79","action":"GetUpdates", "result":"DeleteReceived", "context":{"id":"222cfa82-f11b-448f-8473-9d11ff4f3012", "isDeleted:":"true", "version":"1695149230376"}}
{"logTime": "1001/172118", "correlationVector":"iH4H2bQ+U6P6L+e09WWrVQ.80","action":"GetUpdates", "result":"DeleteReceived", "context":{"id":"b587ef1c-d087-4e01-87f2-3e986535eb46", "isDeleted:":"true", "version":"1695149230378"}}
{"logTime": "1001/172118", "correlationVector":"iH4H2bQ+U6P6L+e09WWrVQ.81","action":"GetUpdates", "result":"DeleteReceived", "context":{"id":"b1b36a12-e6ab-4661-83b9-99a4b516a01f", "isDeleted:":"true", "version":"1695150951672"}}
{"logTime": "1001/172118", "correlationVector":"iH4H2bQ+U6P6L+e09WWrVQ.82","action":"GetUpdates", "result":"DeleteReceived", "context":{"id":"1f544188-e70e-4275-9b86-a35ee91ca35d", "isDeleted:":"true", "version":"1695154122735"}}
{"logTime": "1001/172118", "correlationVector":"iH4H2bQ+U6P6L+e09WWrVQ.83","action":"GetUpdates", "result":"DeleteReceived", "context":{"id":"c8391ef4-bda4-438e-8661-1a1d7b59f41d", "isDeleted:":"true", "version":"1695205938436"}}
{"logTime": "1001/172118", "correlationVector":"iH4H2bQ+U6P6L+e09WWrVQ.84","action":"GetUpdates", "result":"DeleteReceived", "context":{"id":"795a0e60-bbbd-404d-9928-bf1fb630ff0d", "isDeleted:":"true", "version":"1695206884474"}}
{"logTime": "1001/172118", "correlationVector":"iH4H2bQ+U6P6L+e09WWrVQ.85","action":"GetUpdates", "result":"DeleteReceived", "context":{"id":"4ec9b869-fc97-48fe-9e79-80656aaec9f5", "isDeleted:":"true", "version":"1695247601751"}}
{"logTime": "1001/172118", "correlationVector":"iH4H2bQ+U6P6L+e09WWrVQ.86","action":"GetUpdates", "result":"DeleteReceived", "context":{"id":"41c8b7f0-1e14-4a0a-bbdf-04f0fe50bd53", "isDeleted:":"true", "version":"1695247601752"}}
{"logTime": "1001/172118", "correlationVector":"iH4H2bQ+U6P6L+e09WWrVQ.87","action":"GetUpdates", "result":"DeleteReceived", "context":{"id":"80b3bddb-a713-438d-bd4c-6906da5f924a", "isDeleted:":"true", "version":"1695247601754"}}
{"logTime": "1001/172118", "correlationVector":"iH4H2bQ+U6P6L+e09WWrVQ.88","action":"GetUpdates", "result":"DeleteReceived", "context":{"id":"67c5e73b-6795-4827-bc27-6cedc5114d33", "isDeleted:":"true", "version":"1695247601755"}}
{"logTime": "1001/172118", "correlationVector":"iH4H2bQ+U6P6L+e09WWrVQ.89","action":"GetUpdates", "result":"DeleteReceived", "context":{"id":"cb8a1b6c-a99d-47eb-9a7c-c41886f2bd1c", "isDeleted:":"true", "version":"1695248219879"}}
{"logTime": "1001/172118", "correlationVector":"iH4H2bQ+U6P6L+e09WWrVQ.90","action":"GetUpdates", "result":"DeleteReceived", "context":{"id":"5f95ade1-3aa1-40b8-9add-8bf6eb7fd65b", "isDeleted:":"true", "version":"1695250218060"}}
{"logTime": "1001/172118", "correlationVector":"iH4H2bQ+U6P6L+e09WWrVQ.91","action":"GetUpdates", "result":"DeleteReceived", "context":{"id":"f6028ce2-06b4-47c9-9365-cd930b6bbaa9", "isDeleted:":"true", "version":"1695250382975"}}
{"logTime": "1001/172118", "correlationVector":"iH4H2bQ+U6P6L+e09WWrVQ.92","action":"GetUpdates", "result":"DeleteReceived", "context":{"id":"0c0b17cb-8580-4446-8f8a-11c8fb54a28d", "isDeleted:":"true", "version":"1695250681065"}}
{"logTime": "1001/172118", "correlationVector":"iH4H2bQ+U6P6L+e09WWrVQ.93","action":"GetUpdates", "result":"DeleteReceived", "context":{"id":"14262e0f-9e7f-402d-ab29-0d1b5a1d9f22", "isDeleted:":"true", "version":"1695251366851"}}
{"logTime": "1001/172118", "correlationVector":"iH4H2bQ+U6P6L+e09WWrVQ.94","action":"GetUpdates", "result":"DeleteReceived", "context":{"id":"213ad15d-8959-43dd-9cf9-1ad92a87e4ef", "isDeleted:":"true", "version":"1695251366854"}}
{"logTime": "1001/172118", "correlationVector":"iH4H2bQ+U6P6L+e09WWrVQ.95","action":"GetUpdates", "result":"DeleteReceived", "context":{"id":"ca5cc927-ab0d-463d-ab25-72549278b16d", "isDeleted:":"true", "version":"1695251397134"}}
{"logTime": "1001/172118", "correlationVector":"iH4H2bQ+U6P6L+e09WWrVQ.96","action":"GetUpdates", "result":"DeleteReceived", "context":{"id":"ec9460d1-4554-46e4-b793-9efbca029f84", "isDeleted:":"true", "version":"1695256206357"}}
{"logTime": "1001/172118", "correlationVector":"iH4H2bQ+U6P6L+e09WWrVQ.97","action":"GetUpdates", "result":"DeleteReceived", "context":{"id":"2a1692f3-a128-458d-9065-67a1f590ae17", "isDeleted:":"true", "version":"1695256206359"}}
{"logTime": "1001/172118", "correlationVector":"iH4H2bQ+U6P6L+e09WWrVQ.98","action":"GetUpdates", "result":"DeleteReceived", "context":{"id":"6ca444f1-ce94-4acc-84b9-9b4086b96c28", "isDeleted:":"true", "version":"1695256349776"}}
{"logTime": "1001/172118", "correlationVector":"iH4H2bQ+U6P6L+e09WWrVQ.99","action":"GetUpdates", "result":"DeleteReceived", "context":{"id":"729cc11e-c686-4246-a49c-54d56440c958", "isDeleted:":"true", "version":"1695258110504"}}
{"logTime": "1001/172118", "correlationVector":"iH4H2bQ+U6P6L+e09WWrVQ.100","action":"GetUpdates", "result":"DeleteReceived", "context":{"id":"99f73489-e24a-4e31-8d85-820689602801", "isDeleted:":"true", "version":"1695258110507"}}
{"logTime": "1001/172118", "correlationVector":"iH4H2bQ+U6P6L+e09WWrVQ.101","action":"GetUpdates", "result":"DeleteReceived", "context":{"id":"652a4b9e-e8e2-4d2f-903a-613f835c2691", "isDeleted:":"true", "version":"1695259591788"}}
{"logTime": "1001/172118", "correlationVector":"iH4H2bQ+U6P6L+e09WWrVQ.102","action":"GetUpdates", "result":"DeleteReceived", "context":{"id":"5d3536cf-92cf-4b5f-845e-cf86194694e9", "isDeleted:":"true", "version":"1695259591790"}}
{"logTime": "1001/172118", "correlationVector":"iH4H2bQ+U6P6L+e09WWrVQ.103","action":"GetUpdates", "result":"DeleteReceived", "context":{"id":"0acb8956-b4bb-48ea-b89e-ca2ab4096f51", "isDeleted:":"true", "version":"1695308938723"}}
{"logTime": "1001/172118", "correlationVector":"iH4H2bQ+U6P6L+e09WWrVQ.104","action":"GetUpdates", "result":"DeleteReceived", "context":{"id":"c65814f0-d408-442c-99bc-83360e3f20a7", "isDeleted:":"true", "version":"1695309032577"}}
{"logTime": "1001/172118", "correlationVector":"iH4H2bQ+U6P6L+e09WWrVQ.105","action":"GetUpdates", "result":"DeleteReceived", "context":{"id":"f7f7590f-fb80-48cd-ac4e-28e13518d475", "isDeleted:":"true", "version":"1695317615179"}}
{"logTime": "1001/172118", "correlationVector":"iH4H2bQ+U6P6L+e09WWrVQ.106","action":"GetUpdates", "result":"DeleteReceived", "context":{"id":"2bb7bc91-2591-4d96-bad0-f025650b5dff", "isDeleted:":"true", "version":"1695327354043"}}
{"logTime": "1001/172118", "correlationVector":"iH4H2bQ+U6P6L+e09WWrVQ.107","action":"GetUpdates", "result":"DeleteReceived", "context":{"id":"4dff5164-ac1e-4f01-8ffd-fa2a5434916d", "isDeleted:":"true", "version":"1695332697118"}}
{"logTime": "1001/172118", "correlationVector":"iH4H2bQ+U6P6L+e09WWrVQ.108","action":"GetUpdates", "result":"DeleteReceived", "context":{"id":"e5837d3b-b4ef-483c-9068-f0d9be0a3656", "isDeleted:":"true", "version":"1695334270934"}}
{"logTime": "1001/172118", "correlationVector":"iH4H2bQ+U6P6L+e09WWrVQ.109","action":"GetUpdates", "result":"DeleteReceived", "context":{"id":"e90f9c0f-f587-40a9-b059-247a69e72a6e", "isDeleted:":"true", "version":"1695336504866"}}
{"logTime": "1001/172118", "correlationVector":"iH4H2bQ+U6P6L+e09WWrVQ.110","action":"GetUpdates", "result":"DeleteReceived", "context":{"id":"bf5d6045-9da1-4b62-b8ee-fe177fc9d2ca", "isDeleted:":"true", "version":"1695336778463"}}
{"logTime": "1001/172118", "correlationVector":"iH4H2bQ+U6P6L+e09WWrVQ.111","action":"GetUpdates", "result":"DeleteReceived", "context":{"id":"bb18a6e8-d5a2-4a85-a4b9-66a863415a33", "isDeleted:":"true", "version":"1695337708755"}}
{"logTime": "1001/172118", "correlationVector":"iH4H2bQ+U6P6L+e09WWrVQ.112","action":"GetUpdates", "result":"DeleteReceived", "context":{"id":"fb048edf-ba26-4b3e-8d1e-ad5cc4e3b853", "isDeleted:":"true", "version":"1695337771218"}}
{"logTime": "1001/172118", "correlationVector":"iH4H2bQ+U6P6L+e09WWrVQ.113","action":"GetUpdates", "result":"DeleteReceived", "context":{"id":"3e67c80a-b12f-45b7-b6ca-43c6218bf599", "isDeleted:":"true", "version":"1695337823905"}}
{"logTime": "1001/172118", "correlationVector":"iH4H2bQ+U6P6L+e09WWrVQ.114","action":"GetUpdates", "result":"DeleteReceived", "context":{"id":"c71416e3-345a-4eb5-adcd-ccc0effa8cb1", "isDeleted:":"true", "version":"1695337823907"}}
{"logTime": "1001/172118", "correlationVector":"iH4H2bQ+U6P6L+e09WWrVQ.115","action":"GetUpdates", "result":"DeleteReceived", "context":{"id":"330b6a98-97b2-44c1-b9ad-c1cb1266b53f", "isDeleted:":"true", "version":"1695337956042"}}
{"logTime": "1001/172118", "correlationVector":"iH4H2bQ+U6P6L+e09WWrVQ.116","action":"GetUpdates", "result":"DeleteReceived", "context":{"id":"59b1d67b-83af-4205-9f9f-89149ae02570", "isDeleted:":"true", "version":"1695337956045"}}
{"logTime": "1001/172118", "correlationVector":"iH4H2bQ+U6P6L+e09WWrVQ.117","action":"GetUpdates", "result":"DeleteReceived", "context":{"id":"46319fb8-216c-4e18-9b25-a44c99b0c409", "isDeleted:":"true", "version":"1695338073276"}}
{"logTime": "1001/172118", "correlationVector":"iH4H2bQ+U6P6L+e09WWrVQ.118","action":"GetUpdates", "result":"DeleteReceived", "context":{"id":"409245c7-99ec-451f-af11-477db69f6cea", "isDeleted:":"true", "version":"1695339879137"}}
{"logTime": "1001/172118", "correlationVector":"iH4H2bQ+U6P6L+e09WWrVQ.119","action":"GetUpdates", "result":"DeleteReceived", "context":{"id":"d4976f32-06e5-4536-961b-490cf533c3c1", "isDeleted:":"true", "version":"1695339879139"}}
{"logTime": "1001/172118", "correlationVector":"iH4H2bQ+U6P6L+e09WWrVQ.120","action":"GetUpdates", "result":"DeleteReceived", "context":{"id":"ca003922-53a9-46da-817f-370370404230", "isDeleted:":"true", "version":"1695340044765"}}
{"logTime": "1001/172118", "correlationVector":"iH4H2bQ+U6P6L+e09WWrVQ.121","action":"GetUpdates", "result":"DeleteReceived", "context":{"id":"19b79221-1b9b-49ab-bb24-a760d8a037f6", "isDeleted:":"true", "version":"1695340997501"}}
{"logTime": "1001/172118", "correlationVector":"iH4H2bQ+U6P6L+e09WWrVQ.122","action":"GetUpdates", "result":"DeleteReceived", "context":{"id":"bd6ee86b-6e03-43f9-bc65-58198b905f0b", "isDeleted:":"true", "version":"1695346073784"}}
{"logTime": "1001/172118", "correlationVector":"iH4H2bQ+U6P6L+e09WWrVQ.123","action":"GetUpdates", "result":"DeleteReceived", "context":{"id":"6b4cb731-d7c8-4f98-b9fd-b3fca912ed48", "isDeleted:":"true", "version":"1695348498197"}}
{"logTime": "1001/172118", "correlationVector":"iH4H2bQ+U6P6L+e09WWrVQ.124","action":"GetUpdates", "result":"DeleteReceived", "context":{"id":"02aa9c4e-dc19-43ee-b3d0-d2300a2c6901", "isDeleted:":"true", "version":"1695348580276"}}
{"logTime": "1001/172118", "correlationVector":"iH4H2bQ+U6P6L+e09WWrVQ.125","action":"GetUpdates", "result":"DeleteReceived", "context":{"id":"0f2d6285-c50a-4070-8d43-41914868215c", "isDeleted:":"true", "version":"1695348580278"}}
{"logTime": "1001/172118", "correlationVector":"iH4H2bQ+U6P6L+e09WWrVQ.126","action":"GetUpdates", "result":"DeleteReceived", "context":{"id":"1597abdd-1952-4824-a0e4-cc97b9c32b40", "isDeleted:":"true", "version":"1695348580279"}}
{"logTime": "1001/172118", "correlationVector":"iH4H2bQ+U6P6L+e09WWrVQ.127","action":"GetUpdates", "result":"DeleteReceived", "context":{"id":"80e77858-6f30-4b2f-9d64-a60b476d9d07", "isDeleted:":"true", "version":"1695348610982"}}
{"logTime": "1001/172118", "correlationVector":"iH4H2bQ+U6P6L+e09WWrVQ.128","action":"GetUpdates", "result":"DeleteReceived", "context":{"id":"4837d50e-d526-48a6-acfd-e9bf1e24b1b6", "isDeleted:":"true", "version":"1695348818217"}}
{"logTime": "1001/172118", "correlationVector":"iH4H2bQ+U6P6L+e09WWrVQ.129","action":"GetUpdates", "result":"DeleteReceived", "context":{"id":"7d0936e0-0c24-4444-aaea-a665d341eafc", "isDeleted:":"true", "version":"1695348818219"}}
{"logTime": "1001/172118", "correlationVector":"iH4H2bQ+U6P6L+e09WWrVQ.130","action":"GetUpdates", "result":"DeleteReceived", "context":{"id":"4f584f29-90fc-4cca-9cd3-12bec5462007", "isDeleted:":"true", "version":"1695349179193"}}
{"logTime": "1001/172118", "correlationVector":"iH4H2bQ+U6P6L+e09WWrVQ.131","action":"GetUpdates", "result":"DeleteReceived", "context":{"id":"9bde599c-0338-49aa-b369-ceeb209893d0", "isDeleted:":"true", "version":"1695349279389"}}
{"logTime": "1001/172118", "correlationVector":"iH4H2bQ+U6P6L+e09WWrVQ.132","action":"GetUpdates", "result":"DeleteReceived", "context":{"id":"814b8b79-75d1-4f84-ac03-5c4b237da393", "isDeleted:":"true", "version":"1695388732909"}}
{"logTime": "1001/172118", "correlationVector":"iH4H2bQ+U6P6L+e09WWrVQ.133","action":"GetUpdates", "result":"DeleteReceived", "context":{"id":"60f4aff8-ef17-4fb8-8f2e-50dfe900e176", "isDeleted:":"true", "version":"1695390375030"}}
{"logTime": "1001/172118", "correlationVector":"iH4H2bQ+U6P6L+e09WWrVQ.134","action":"GetUpdates", "result":"DeleteReceived", "context":{"id":"f598aa1f-afb1-446d-8355-b8563e05a99b", "isDeleted:":"true", "version":"1695503491711"}}
{"logTime": "1001/172118", "correlationVector":"iH4H2bQ+U6P6L+e09WWrVQ.135","action":"GetUpdates", "result":"DeleteReceived", "context":{"id":"7b3d95ea-efaa-4f5b-9048-232c802f16c3", "isDeleted:":"true", "version":"1695504722298"}}
{"logTime": "1001/172118", "correlationVector":"iH4H2bQ+U6P6L+e09WWrVQ.136","action":"GetUpdates", "result":"DeleteReceived", "context":{"id":"22f9e5b5-26b2-49b0-9fc5-120867e7bd19", "isDeleted:":"true", "version":"1695505142915"}}
{"logTime": "1001/172118", "correlationVector":"iH4H2bQ+U6P6L+e09WWrVQ.137","action":"GetUpdates", "result":"DeleteReceived", "context":{"id":"31c80e08-8760-4a45-9110-89d8242a47b0", "isDeleted:":"true", "version":"1695505314578"}}
{"logTime": "1001/172118", "correlationVector":"iH4H2bQ+U6P6L+e09WWrVQ.138","action":"GetUpdates", "result":"DeleteReceived", "context":{"id":"e3312b85-49ae-4189-b99c-48a5035c1eab", "isDeleted:":"true", "version":"1695505314580"}}
{"logTime": "1001/172118", "correlationVector":"iH4H2bQ+U6P6L+e09WWrVQ.139","action":"GetUpdates", "result":"DeleteReceived", "context":{"id":"cc533412-06f0-499e-a1cd-8d80c5c5a35f", "isDeleted:":"true", "version":"1695509136728"}}
{"logTime": "1001/172118", "correlationVector":"iH4H2bQ+U6P6L+e09WWrVQ.140","action":"GetUpdates", "result":"DeleteReceived", "context":{"id":"354aed53-8f31-4115-b525-5eeae8495d59", "isDeleted:":"true", "version":"1695511108298"}}
{"logTime": "1001/172118", "correlationVector":"iH4H2bQ+U6P6L+e09WWrVQ.141","action":"GetUpdates", "result":"DeleteReceived", "context":{"id":"062b12e7-5383-4a8e-99d4-fbec3467e57c", "isDeleted:":"true", "version":"1695512845887"}}
{"logTime": "1001/172118", "correlationVector":"iH4H2bQ+U6P6L+e09WWrVQ.142","action":"GetUpdates", "result":"DeleteReceived", "context":{"id":"fff355f4-1d48-451b-bb7f-4633340de6c0", "isDeleted:":"true", "version":"1695551739535"}}
{"logTime": "1001/172118", "correlationVector":"iH4H2bQ+U6P6L+e09WWrVQ.143","action":"GetUpdates", "result":"DeleteReceived", "context":{"id":"141fbd4c-7ac0-456a-97c4-2d92b96d8ccd", "isDeleted:":"true", "version":"1695551739536"}}
{"logTime": "1001/172118", "correlationVector":"iH4H2bQ+U6P6L+e09WWrVQ.144","action":"GetUpdates", "result":"DeleteReceived", "context":{"id":"a1747571-4be1-46a8-87de-654e8b23bf4d", "isDeleted:":"true", "version":"1695551739538"}}
{"logTime": "1001/172118", "correlationVector":"iH4H2bQ+U6P6L+e09WWrVQ.145","action":"GetUpdates", "result":"DeleteReceived", "context":{"id":"73586bdd-e755-4030-b8af-b6850870207c", "isDeleted:":"true", "version":"1695551739539"}}
{"logTime": "1001/172118", "correlationVector":"iH4H2bQ+U6P6L+e09WWrVQ.146","action":"GetUpdates", "result":"DeleteReceived", "context":{"id":"80aa2d3e-8e5c-4a2c-8458-1f8108f10fa4", "isDeleted:":"true", "version":"1695551739540"}}
{"logTime": "1001/172118", "correlationVector":"iH4H2bQ+U6P6L+e09WWrVQ.147","action":"GetUpdates", "result":"DeleteReceived", "context":{"id":"8b210927-8db0-442b-b71b-f9d575cfd179", "isDeleted:":"true", "version":"1695554194613"}}
{"logTime": "1001/172118", "correlationVector":"iH4H2bQ+U6P6L+e09WWrVQ.148","action":"GetUpdates", "result":"DeleteReceived", "context":{"id":"1d1d0007-169f-42c4-8078-d6dc4aba3de3", "isDeleted:":"true", "version":"1695556135412"}}
{"logTime": "1001/172118", "correlationVector":"iH4H2bQ+U6P6L+e09WWrVQ.149","action":"GetUpdates", "result":"DeleteReceived", "context":{"id":"ef9806ff-7035-4117-b376-97692dd43cb2", "isDeleted:":"true", "version":"1695556135414"}}
{"logTime": "1001/172118", "correlationVector":"iH4H2bQ+U6P6L+e09WWrVQ.150","action":"GetUpdates", "result":"DeleteReceived", "context":{"id":"18faba1c-2fc3-462c-bd8a-8331df00a601", "isDeleted:":"true", "version":"1695568871732"}}
{"logTime": "1001/172118", "correlationVector":"iH4H2bQ+U6P6L+e09WWrVQ.151","action":"GetUpdates", "result":"DeleteReceived", "context":{"id":"b818f5e3-fb37-4582-81eb-64ed05dd91d9", "isDeleted:":"true", "version":"1695572838835"}}
{"logTime": "1001/172118", "correlationVector":"iH4H2bQ+U6P6L+e09WWrVQ.152","action":"GetUpdates", "result":"DeleteReceived", "context":{"id":"34e94daa-ec86-4f4a-bc18-ea17ca6310ff", "isDeleted:":"true", "version":"1695579785558"}}
{"logTime": "1001/172118", "correlationVector":"iH4H2bQ+U6P6L+e09WWrVQ.153","action":"GetUpdates", "result":"DeleteReceived", "context":{"id":"c78f9746-811a-471c-9c0b-76d49075e0f4", "isDeleted:":"true", "version":"1695583665667"}}
{"logTime": "1001/172118", "correlationVector":"iH4H2bQ+U6P6L+e09WWrVQ.154","action":"GetUpdates", "result":"DeleteReceived", "context":{"id":"07a8531f-ce16-4b26-bf5b-4e0101745e3b", "isDeleted:":"true", "version":"1695586572621"}}
{"logTime": "1001/172118", "correlationVector":"iH4H2bQ+U6P6L+e09WWrVQ.155","action":"GetUpdates", "result":"DeleteReceived", "context":{"id":"1953a810-2720-45d1-afa7-98942c3353d4", "isDeleted:":"true", "version":"1695588111103"}}
{"logTime": "1001/172118", "correlationVector":"iH4H2bQ+U6P6L+e09WWrVQ.156","action":"GetUpdates", "result":"DeleteReceived", "context":{"id":"904fd84c-8c3e-40fa-87fb-fb3c0e3ff902", "isDeleted:":"true", "version":"1695592850949"}}
{"logTime": "1001/172118", "correlationVector":"iH4H2bQ+U6P6L+e09WWrVQ.157","action":"GetUpdates", "result":"DeleteReceived", "context":{"id":"1cb2ae25-2c60-4f07-a982-9b9a3d48be7d", "isDeleted:":"true", "version":"1695593321581"}}
{"logTime": "1001/172118", "correlationVector":"iH4H2bQ+U6P6L+e09WWrVQ.158","action":"GetUpdates", "result":"DeleteReceived", "context":{"id":"36a48105-e475-49ab-8889-ff581c5394dd", "isDeleted:":"true", "version":"1695595675959"}}
{"logTime": "1001/172118", "correlationVector":"iH4H2bQ+U6P6L+e09WWrVQ.159","action":"GetUpdates", "result":"DeleteReceived", "context":{"id":"b1fcc1a2-e4b5-4888-b58b-e908932cd304", "isDeleted:":"true", "version":"1695654619752"}}
{"logTime": "1001/172118", "correlationVector":"iH4H2bQ+U6P6L+e09WWrVQ.160","action":"GetUpdates", "result":"DeleteReceived", "context":{"id":"7e51ce24-7162-4782-a57c-5cc4f07a8f91", "isDeleted:":"true", "version":"1695654905159"}}
{"logTime": "1001/172118", "correlationVector":"iH4H2bQ+U6P6L+e09WWrVQ.161","action":"GetUpdates", "result":"DeleteReceived", "context":{"id":"88746836-a936-4b90-8303-f310c33a9367", "isDeleted:":"true", "version":"1695662830041"}}
{"logTime": "1001/172118", "correlationVector":"iH4H2bQ+U6P6L+e09WWrVQ.162","action":"GetUpdates", "result":"DeleteReceived", "context":{"id":"c6821062-b696-4152-b817-f99f91181799", "isDeleted:":"true", "version":"1695666339611"}}
{"logTime": "1001/172118", "correlationVector":"iH4H2bQ+U6P6L+e09WWrVQ.163","action":"GetUpdates", "result":"DeleteReceived", "context":{"id":"df17d77a-0614-4b6a-a9fe-1e918bb5e446", "isDeleted:":"true", "version":"1695666339613"}}
{"logTime": "1001/172118", "correlationVector":"iH4H2bQ+U6P6L+e09WWrVQ.164","action":"GetUpdates", "result":"DeleteReceived", "context":{"id":"01648276-0c86-401c-b75c-cc076ccb4b95", "isDeleted:":"true", "version":"1695666780565"}}
{"logTime": "1001/172118", "correlationVector":"iH4H2bQ+U6P6L+e09WWrVQ.165","action":"GetUpdates", "result":"DeleteReceived", "context":{"id":"62d70612-9a1a-4251-be9c-2650874c4036", "isDeleted:":"true", "version":"1695680582972"}}
{"logTime": "1001/172118", "correlationVector":"iH4H2bQ+U6P6L+e09WWrVQ.166","action":"GetUpdates", "result":"DeleteReceived", "context":{"id":"069c1691-5991-4a94-9084-93abfa66255d", "isDeleted:":"true", "version":"1695683143125"}}
{"logTime": "1001/172118", "correlationVector":"iH4H2bQ+U6P6L+e09WWrVQ.167","action":"GetUpdates", "result":"DeleteReceived", "context":{"id":"72d5ac14-463c-48a3-8dfc-e2cf17661ea1", "isDeleted:":"true", "version":"1695732204615"}}
{"logTime": "1001/172118", "correlationVector":"iH4H2bQ+U6P6L+e09WWrVQ.168","action":"GetUpdates", "result":"DeleteReceived", "context":{"id":"911ced3b-197a-4183-828d-a106ea6e1ceb", "isDeleted:":"true", "version":"1695732204616"}}
{"logTime": "1001/172118", "correlationVector":"iH4H2bQ+U6P6L+e09WWrVQ.169","action":"GetUpdates", "result":"DeleteReceived", "context":{"id":"36c8263e-c5a6-414e-b7f6-386df0a30f39", "isDeleted:":"true", "version":"1695732204618"}}
{"logTime": "1001/172118", "correlationVector":"iH4H2bQ+U6P6L+e09WWrVQ.170","action":"GetUpdates", "result":"DeleteReceived", "context":{"id":"65e89bad-927b-4c43-a949-e816a1586f83", "isDeleted:":"true", "version":"1695732204619"}}
{"logTime": "1001/172118", "correlationVector":"iH4H2bQ+U6P6L+e09WWrVQ.171","action":"GetUpdates", "result":"DeleteReceived", "context":{"id":"aef52884-f7c1-4a0f-af26-8307e8472c51", "isDeleted:":"true", "version":"1695736447439"}}
{"logTime": "1001/172118", "correlationVector":"iH4H2bQ+U6P6L+e09WWrVQ.172","action":"GetUpdates", "result":"DeleteReceived", "context":{"id":"da577981-71e9-4fd5-a02b-29671804a283", "isDeleted:":"true", "version":"1695736447441"}}
{"logTime": "1001/172118", "correlationVector":"iH4H2bQ+U6P6L+e09WWrVQ.173","action":"GetUpdates", "result":"DeleteReceived", "context":{"id":"cc546337-1c0a-4012-b140-954f208f7e4b", "isDeleted:":"true", "version":"1695741221365"}}
{"logTime": "1001/172118", "correlationVector":"iH4H2bQ+U6P6L+e09WWrVQ.174","action":"GetUpdates", "result":"DeleteReceived", "context":{"id":"28807fd9-127d-4d5f-817e-296a926ad4c2", "isDeleted:":"true", "version":"1695742767961"}}
{"logTime": "1001/172118", "correlationVector":"iH4H2bQ+U6P6L+e09WWrVQ.175","action":"GetUpdates", "result":"DeleteReceived", "context":{"id":"45c48c79-b1ca-44bf-9e04-fb873bc16c5d", "isDeleted:":"true", "version":"1695742767962"}}
{"logTime": "1001/172118", "correlationVector":"iH4H2bQ+U6P6L+e09WWrVQ.176","action":"GetUpdates", "result":"DeleteReceived", "context":{"id":"72df215c-f5c1-494a-8589-6999961da39c", "isDeleted:":"true", "version":"1695742767964"}}
{"logTime": "1001/172118", "correlationVector":"iH4H2bQ+U6P6L+e09WWrVQ.177","action":"GetUpdates", "result":"DeleteReceived", "context":{"id":"7b063a5b-99eb-4b5b-8c9f-b282b2e906c1", "isDeleted:":"true", "version":"1695742767965"}}
{"logTime": "1001/172118", "correlationVector":"iH4H2bQ+U6P6L+e09WWrVQ.178","action":"GetUpdates", "result":"DeleteReceived", "context":{"id":"81375270-4f95-4101-a011-6b56df9b720d", "isDeleted:":"true", "version":"1695745112641"}}
{"logTime": "1001/172118", "correlationVector":"iH4H2bQ+U6P6L+e09WWrVQ.179","action":"GetUpdates", "result":"DeleteReceived", "context":{"id":"3db3db91-68fb-4d3f-b26e-3ab53920a897", "isDeleted:":"true", "version":"1695748146557"}}
{"logTime": "1001/172118", "correlationVector":"iH4H2bQ+U6P6L+e09WWrVQ.180","action":"GetUpdates", "result":"DeleteReceived", "context":{"id":"41a4867c-8c63-49d7-9b2d-d6ef0a5a258f", "isDeleted:":"true", "version":"1695851832203"}}
{"logTime": "1001/172118", "correlationVector":"iH4H2bQ+U6P6L+e09WWrVQ.181","action":"GetUpdates", "result":"DeleteReceived", "context":{"id":"cbe5033d-44cc-4e2e-8a14-4de561b98fa0", "isDeleted:":"true", "version":"1695861446731"}}
{"logTime": "1001/172118", "correlationVector":"iH4H2bQ+U6P6L+e09WWrVQ.182","action":"GetUpdates", "result":"DeleteReceived", "context":{"id":"75e4ea01-de51-49e5-95af-6db950db2b4d", "isDeleted:":"true", "version":"1695861528459"}}
{"logTime": "1001/172118", "correlationVector":"iH4H2bQ+U6P6L+e09WWrVQ.183","action":"GetUpdates", "result":"DeleteReceived", "context":{"id":"5ea9788d-1511-4a9a-ad83-64277a4b53e7", "isDeleted:":"true", "version":"1695861714540"}}
{"logTime": "1001/172118", "correlationVector":"iH4H2bQ+U6P6L+e09WWrVQ.184","action":"GetUpdates", "result":"DeleteReceived", "context":{"id":"398badf4-fdc5-4114-bafb-0f32fc71ca3b", "isDeleted:":"true", "version":"1695862127624"}}
{"logTime": "1001/172118", "correlationVector":"iH4H2bQ+U6P6L+e09WWrVQ.185","action":"GetUpdates", "result":"DeleteReceived", "context":{"id":"b9acff19-9e26-4296-9f05-afdf013f1f33", "isDeleted:":"true", "version":"1695867002184"}}
{"logTime": "1001/172118", "correlationVector":"iH4H2bQ+U6P6L+e09WWrVQ.186","action":"GetUpdates", "result":"DeleteReceived", "context":{"id":"3d349a0c-3c3a-4210-8f38-3b591cfd6b07", "isDeleted:":"true", "version":"1695867275986"}}
{"logTime": "1001/172118", "correlationVector":"iH4H2bQ+U6P6L+e09WWrVQ.187","action":"GetUpdates", "result":"DeleteReceived", "context":{"id":"7e99025a-49ed-4b27-a603-46efb86c7e1b", "isDeleted:":"true", "version":"1695867516591"}}
{"logTime": "1001/172118", "correlationVector":"iH4H2bQ+U6P6L+e09WWrVQ.188","action":"GetUpdates", "result":"DeleteReceived", "context":{"id":"617cbbc1-12da-421f-a90b-32c4062308b1", "isDeleted:":"true", "version":"1695868457135"}}
{"logTime": "1001/172118", "correlationVector":"iH4H2bQ+U6P6L+e09WWrVQ.189","action":"GetUpdates", "result":"DeleteReceived", "context":{"id":"7f015086-41b6-4f3b-97d5-5963248b82d4", "isDeleted:":"true", "version":"1695868582298"}}
{"logTime": "1001/172118", "correlationVector":"iH4H2bQ+U6P6L+e09WWrVQ.190","action":"GetUpdates", "result":"DeleteReceived", "context":{"id":"53fe05f6-e122-4f4a-af91-77c28563f3a0", "isDeleted:":"true", "version":"1695868883235"}}
{"logTime": "1001/172118", "correlationVector":"iH4H2bQ+U6P6L+e09WWrVQ.191","action":"GetUpdates", "result":"DeleteReceived", "context":{"id":"a1a25e03-c844-446e-983b-4363a55c2ecd", "isDeleted:":"true", "version":"1695868941338"}}
{"logTime": "1001/172118", "correlationVector":"iH4H2bQ+U6P6L+e09WWrVQ.192","action":"GetUpdates", "result":"DeleteReceived", "context":{"id":"f66e9a58-48a2-49a8-9854-cb50d46cdb7d", "isDeleted:":"true", "version":"1695869692771"}}
{"logTime": "1001/172118", "correlationVector":"iH4H2bQ+U6P6L+e09WWrVQ.193","action":"GetUpdates", "result":"DeleteReceived", "context":{"id":"f837e73b-8098-46a7-9f70-81bdfedfc31c", "isDeleted:":"true", "version":"1695869692773"}}
{"logTime": "1001/172118", "correlationVector":"iH4H2bQ+U6P6L+e09WWrVQ.194","action":"GetUpdates", "result":"DeleteReceived", "context":{"id":"d984e39a-d777-495a-a57f-f27940cdf682", "isDeleted:":"true", "version":"1695869692774"}}
{"logTime": "1001/172118", "correlationVector":"iH4H2bQ+U6P6L+e09WWrVQ.195","action":"GetUpdates", "result":"DeleteReceived", "context":{"id":"796e2958-b1e7-445f-9bcd-978c90380ba9", "isDeleted:":"true", "version":"1695871939998"}}
{"logTime": "1001/172118", "correlationVector":"iH4H2bQ+U6P6L+e09WWrVQ.196","action":"GetUpdates", "result":"DeleteReceived", "context":{"id":"4356ba01-1c93-471f-af33-6c6004e7e399", "isDeleted:":"true", "version":"1695913186892"}}
{"logTime": "1001/172118", "correlationVector":"iH4H2bQ+U6P6L+e09WWrVQ.197","action":"GetUpdates", "result":"DeleteReceived", "context":{"id":"82348770-6804-4dac-b50f-a867c14e8cd0", "isDeleted:":"true", "version":"1695913186893"}}
{"logTime": "1001/172118", "correlationVector":"iH4H2bQ+U6P6L+e09WWrVQ.198","action":"GetUpdates", "result":"DeleteReceived", "context":{"id":"cb6af078-4c79-4093-9b82-84f88d1866df", "isDeleted:":"true", "version":"1695913186895"}}
{"logTime": "1001/172118", "correlationVector":"iH4H2bQ+U6P6L+e09WWrVQ.199","action":"GetUpdates", "result":"DeleteReceived", "context":{"id":"e4fed7db-42d3-460e-9803-b571c49009a7", "isDeleted:":"true", "version":"1695913186896"}}
{"logTime": "1001/172118", "correlationVector":"iH4H2bQ+U6P6L+e09WWrVQ.200","action":"GetUpdates", "result":"DeleteReceived", "context":{"id":"1facb3f4-2af0-4dd0-856e-e753ad882712", "isDeleted:":"true", "version":"1695913252713"}}
{"logTime": "1001/172118", "correlationVector":"iH4H2bQ+U6P6L+e09WWrVQ.201","action":"GetUpdates", "result":"DeleteReceived", "context":{"id":"77f9c0af-560c-41d4-aaf1-c1ca0a33aa96", "isDeleted:":"true", "version":"1695923370194"}}
{"logTime": "1001/172118", "correlationVector":"iH4H2bQ+U6P6L+e09WWrVQ.202","action":"GetUpdates", "result":"DeleteReceived", "context":{"id":"5119316c-f7ff-4008-a3c9-71c29b349e11", "isDeleted:":"true", "version":"1695923370195"}}
{"logTime": "1001/172118", "correlationVector":"iH4H2bQ+U6P6L+e09WWrVQ.203","action":"GetUpdates", "result":"DeleteReceived", "context":{"id":"16fe3fa0-3d29-4aad-8008-7392012b0f59", "isDeleted:":"true", "version":"1695923370197"}}
{"logTime": "1001/172118", "correlationVector":"iH4H2bQ+U6P6L+e09WWrVQ.204","action":"GetUpdates", "result":"DeleteReceived", "context":{"id":"69ef25a1-12ab-491e-99a8-1068208bc8e8", "isDeleted:":"true", "version":"1695923370198"}}
{"logTime": "1001/172118", "correlationVector":"iH4H2bQ+U6P6L+e09WWrVQ.205","action":"GetUpdates", "result":"DeleteReceived", "context":{"id":"3274ddde-1036-412b-87d1-de6bd0dbadeb", "isDeleted:":"true", "version":"1695924977810"}}
{"logTime": "1001/172118", "correlationVector":"iH4H2bQ+U6P6L+e09WWrVQ.206","action":"GetUpdates", "result":"DeleteReceived", "context":{"id":"4be93abd-249e-4777-b3e2-326d0e8bab2e", "isDeleted:":"true", "version":"1695924977812"}}
{"logTime": "1001/172118", "correlationVector":"iH4H2bQ+U6P6L+e09WWrVQ.207","action":"GetUpdates", "result":"DeleteReceived", "context":{"id":"744b14b6-25f3-4208-abf1-8c24e18e1d9e", "isDeleted:":"true", "version":"1695925290151"}}
{"logTime": "1001/172118", "correlationVector":"iH4H2bQ+U6P6L+e09WWrVQ.208","action":"GetUpdates", "result":"DeleteReceived", "context":{"id":"e043d6a6-6178-4bce-b107-38885da397b0", "isDeleted:":"true", "version":"1695947425011"}}
{"logTime": "1001/172118", "correlationVector":"iH4H2bQ+U6P6L+e09WWrVQ.209","action":"GetUpdates", "result":"DeleteReceived", "context":{"id":"ab132166-0be0-435a-8614-0ae421b8eea3", "isDeleted:":"true", "version":"1695947425013"}}
{"logTime": "1001/172118", "correlationVector":"iH4H2bQ+U6P6L+e09WWrVQ.210","action":"GetUpdates", "result":"DeleteReceived", "context":{"id":"4a2d1c80-0c0b-4054-bee5-66fd58aa5580", "isDeleted:":"true", "version":"1695949200095"}}
{"logTime": "1001/172118", "correlationVector":"iH4H2bQ+U6P6L+e09WWrVQ.211","action":"GetUpdates", "result":"DeleteReceived", "context":{"id":"98857e84-826c-49ef-9938-c6709c75715a", "isDeleted:":"true", "version":"1695950068381"}}
{"logTime": "1001/172118", "correlationVector":"iH4H2bQ+U6P6L+e09WWrVQ.212","action":"GetUpdates", "result":"DeleteReceived", "context":{"id":"4b04c67b-9bd8-4f0a-8a45-a04036a0d4b9", "isDeleted:":"true", "version":"1695950068382"}}
{"logTime": "1001/172118", "correlationVector":"iH4H2bQ+U6P6L+e09WWrVQ.213","action":"GetUpdates", "result":"DeleteReceived", "context":{"id":"1a7a84a6-cded-4be0-b479-95e92312f75f", "isDeleted:":"true", "version":"1695952777221"}}
{"logTime": "1001/172118", "correlationVector":"iH4H2bQ+U6P6L+e09WWrVQ.214","action":"GetUpdates", "result":"DeleteReceived", "context":{"id":"875db319-3d29-4d54-8a2f-7cd48672bb9b", "isDeleted:":"true", "version":"1695952807460"}}
{"logTime": "1001/172118", "correlationVector":"iH4H2bQ+U6P6L+e09WWrVQ.215","action":"GetUpdates", "result":"DeleteReceived", "context":{"id":"aec9ebcd-e7d6-4793-ab81-0eff2742ce6e", "isDeleted:":"true", "version":"1695952807462"}}
{"logTime": "1001/172118", "correlationVector":"iH4H2bQ+U6P6L+e09WWrVQ.216","action":"GetUpdates", "result":"DeleteReceived", "context":{"id":"4edd2dd1-51aa-40e7-8023-9802821f92ca", "isDeleted:":"true", "version":"1695952860792"}}
{"logTime": "1001/172118", "correlationVector":"iH4H2bQ+U6P6L+e09WWrVQ.217","action":"GetUpdates", "result":"DeleteReceived", "context":{"id":"73e374d5-dc05-4db2-bc0a-f18c09313e36", "isDeleted:":"true", "version":"1695952860794"}}
{"logTime": "1001/172118", "correlationVector":"iH4H2bQ+U6P6L+e09WWrVQ.218","action":"GetUpdates", "result":"DeleteReceived", "context":{"id":"89887519-9610-42cc-8d25-f3876efbf9f1", "isDeleted:":"true", "version":"1696165463739"}}
{"logTime": "1001/172118", "correlationVector":"iH4H2bQ+U6P6L+e09WWrVQ.219","action":"GetUpdates", "result":"DeleteReceived", "context":{"id":"e1594a4b-3a7a-491f-a548-7343c997d053", "isDeleted:":"true", "version":"1696168367711"}}
{"logTime": "1001/172118", "correlationVector":"iH4H2bQ+U6P6L+e09WWrVQ.220","action":"GetUpdates", "result":"DeleteReceived", "context":{"id":"bddb03d2-5cce-4105-84a9-a04f144803eb", "isDeleted:":"true", "version":"1695341122244"}}
{"logTime": "1001/172118", "correlationVector":"iH4H2bQ+U6P6L+e09WWrVQ.221","action":"GetUpdates Response", "result":"SERVER_MORE_TO_DOWNLOAD", "context":Received 250 update(s).  Some updates remain.}
{"logTime": "1001/172118", "correlationVector":"JPoVvIPup1Bwfp5+CWa5hb","action":"Initial GetUpdates", "result":"", "context":Reason: NEWLY_SUPPORTED_DATATYPE. cV=JPoVvIPup1Bwfp5+CWa5hb}
{"logTime": "1001/172119", "correlationVector":"JPoVvIPup1Bwfp5+CWa5hb.1","action":"SyncServerConnectionManagerRequest", "result":"SYNC_SERVER_OK", "context":{"environment":"Prod_WestEurope_000l", "migrationStage":"NotStarted", "server":"general01000024"}}
{"logTime": "1001/172119", "correlationVector":"JPoVvIPup1Bwfp5+CWa5hb.2","action":"GetUpdates", "result":"DeleteReceived", "context":{"id":"420192ea-8c7c-4015-9566-782c8daac972", "isDeleted:":"true", "version":"1696169625005"}}
{"logTime": "1001/172119", "correlationVector":"JPoVvIPup1Bwfp5+CWa5hb.3","action":"GetUpdates", "result":"DeleteReceived", "context":{"id":"5ea40e00-60df-4ae4-9f48-607dcc6e146d", "isDeleted:":"true", "version":"1696169625007"}}
{"logTime": "1001/172119", "correlationVector":"JPoVvIPup1Bwfp5+CWa5hb.4","action":"GetUpdates", "result":"DeleteReceived", "context":{"id":"fb8832f3-fd6c-463d-9c4c-f6c54db4ca29", "isDeleted:":"true", "version":"1696169890115"}}
{"logTime": "1001/172119", "correlationVector":"JPoVvIPup1Bwfp5+CWa5hb.5","action":"GetUpdates", "result":"DeleteReceived", "context":{"id":"6c249a24-6d35-49e3-a5b6-a80c356743a1", "isDeleted:":"true", "version":"1696175635662"}}
{"logTime": "1001/172119", "correlationVector":"JPoVvIPup1Bwfp5+CWa5hb.6","action":"GetUpdates", "result":"DeleteReceived", "context":{"id":"cb81d910-0c71-4bc5-aa6e-4ac16fb63685", "isDeleted:":"true", "version":"1696175982616"}}
{"logTime": "1001/172119", "correlationVector":"JPoVvIPup1Bwfp5+CWa5hb.7","action":"GetUpdates", "result":"DeleteReceived", "context":{"id":"be3b8ccf-4e7a-41cb-b1eb-7a90e4537e61", "isDeleted:":"true", "version":"1696178253283"}}
{"logTime": "1001/172119", "correlationVector":"JPoVvIPup1Bwfp5+CWa5hb.8","action":"GetUpdates", "result":"DeleteReceived", "context":{"id":"b3b04109-0346-4aa1-9b7d-748b86449b2b", "isDeleted:":"true", "version":"1696179936436"}}
{"logTime": "1001/172119", "correlationVector":"JPoVvIPup1Bwfp5+CWa5hb.9","action":"GetUpdates", "result":"DeleteReceived", "context":{"id":"6453a90c-1f30-48b8-a984-cc49ca2eb434", "isDeleted:":"true", "version":"1696180302381"}}
{"logTime": "1001/172119", "correlationVector":"JPoVvIPup1Bwfp5+CWa5hb.10","action":"GetUpdates Response", "result":"SYNCER_OK", "context":Received 30 update(s). cV=JPoVvIPup1Bwfp5+CWa5hb.0;server=general01000024;cloudType=Consumer;environment=Prod_WestEurope_000l;migrationStage=NotStarted}
{"logTime": "1001/172119", "correlationVector":"L1ynKvETk0LsOKTDaoCDOn","action":"Normal GetUpdate request", "result":"", "context":cV=L1ynKvETk0LsOKTDaoCDOn
Nudged types: Bookmarks, Preferences, Typed URLs, Sessions, Device Info
Refresh requested types: Bookmarks, Preferences, Passwords, Autofill Profiles, Autofill, Autofill Custom Data, Typed URLs, Extensions, Sessions, Extension settings, History Delete Directives, Device Info, User Consents, Send Tab To Self, Web Apps, Collection, Edge E Drop, Edge Hub App Usage, Edge Wallet, Encryption Keys}
{"logTime": "1001/172119", "correlationVector":"L1ynKvETk0LsOKTDaoCDOn.1","action":"SyncServerConnectionManagerRequest", "result":"SYNC_SERVER_OK", "context":{"environment":"Prod_WestEurope_000l", "migrationStage":"NotStarted", "server":"general01000016"}}
{"logTime": "1001/172119", "correlationVector":"L1ynKvETk0LsOKTDaoCDOn.2","action":"GetUpdates Response", "result":"SYNCER_OK", "context":Received 0 update(s). cV=L1ynKvETk0LsOKTDaoCDOn.0;server=general01000016;cloudType=Consumer;environment=Prod_WestEurope_000l;migrationStage=NotStarted}
{"logTime": "1001/172119", "correlationVector":"pAvQ0gS2yT5jTHIznhSQHV","action":"Commit Request", "result":"", "context":Item count: 1
Contributing types: Device Info}
{"logTime": "1001/172119", "correlationVector":"pAvQ0gS2yT5jTHIznhSQHV.1","action":"SyncServerConnectionManagerRequest", "result":"SYNC_SERVER_OK", "context":{"environment":"Prod_WestEurope_000l", "migrationStage":"NotStarted", "server":"GENERAL0100000G"}}
{"logTime": "1001/172119", "correlationVector":"pAvQ0gS2yT5jTHIznhSQHV.2","action":"Commit Response", "result":"SYNCER_OK", "context":Result: SYNCER_OK. cV=pAvQ0gS2yT5jTHIznhSQHV.0;server=GENERAL0100000G;cloudType=Consumer;environment=Prod_WestEurope_000l;migrationStage=NotStarted}
{"logTime": "1001/172119", "correlationVector":"MdaeVAtVzwVehuWIBaQH78","action":"Commit Request", "result":"", "context":Item count: 13
Contributing types: Bookmarks, Preferences, Typed URLs, Sessions}
{"logTime": "1001/172120", "correlationVector":"MdaeVAtVzwVehuWIBaQH78.1","action":"SyncServerConnectionManagerRequest", "result":"SYNC_SERVER_OK", "context":{"environment":"Prod_WestEurope_000l", "migrationStage":"NotStarted", "server":"general01000006"}}
{"logTime": "1001/172120", "correlationVector":"MdaeVAtVzwVehuWIBaQH78.2","action":"Commit Response", "result":"SYNCER_OK", "context":Result: SYNCER_OK. cV=MdaeVAtVzwVehuWIBaQH78.0;server=general01000006;cloudType=Consumer;environment=Prod_WestEurope_000l;migrationStage=NotStarted}
{"logTime": "1001/183542", "correlationVector":"uiZafNqoPnuBq/bXsWGXP0.1","action":"SyncServerConnectionManagerRequest", "result":"SYNC_SERVER_OK", "context":{"environment":"Prod_WestEurope_000l", "migrationStage":"NotStarted", "server":"general01000023"}}
{"logTime": "1001/183542", "correlationVector":"uiZafNqoPnuBq/bXsWGXP0","action":"Initial GetUpdates", "result":"", "context":Reason: NEW_CLIENT. cV=uiZafNqoPnuBq/bXsWGXP0}
{"logTime": "1001/183542", "correlationVector":"uiZafNqoPnuBq/bXsWGXP0.2","action":"GetUpdates Response", "result":"SYNCER_OK", "context":Received 1 update(s). cV=uiZafNqoPnuBq/bXsWGXP0.0;server=general01000023;cloudType=Consumer;environment=Prod_WestEurope_000l;migrationStage=NotStarted}
{"logTime": "1001/183542", "correlationVector":"jWOagV10v5uwuBgQG1yZia","action":"Initial GetUpdates", "result":"", "context":Reason: NEWLY_SUPPORTED_DATATYPE. cV=jWOagV10v5uwuBgQG1yZia}
{"logTime": "1001/183542", "correlationVector":"jWOagV10v5uwuBgQG1yZia.1","action":"SyncServerConnectionManagerRequest", "result":"SYNC_SERVER_OK", "context":{"environment":"Prod_WestEurope_000l", "migrationStage":"NotStarted", "server":"general0100000Q"}}
{"logTime": "1001/183542", "correlationVector":"jWOagV10v5uwuBgQG1yZia.2","action":"GetUpdates Response", "result":"SYNCER_OK", "context":Received 0 update(s). cV=jWOagV10v5uwuBgQG1yZia.0;server=general0100000Q;cloudType=Consumer;environment=Prod_WestEurope_000l;migrationStage=NotStarted}
{"logTime": "1001/183542", "correlationVector":"Rlo7WBqJlFGCPNtGub4OKs","action":"Initial GetUpdates", "result":"", "context":Reason: NEWLY_SUPPORTED_DATATYPE. cV=Rlo7WBqJlFGCPNtGub4OKs}
{"logTime": "1001/183542", "correlationVector":"Rlo7WBqJlFGCPNtGub4OKs.1","action":"SyncServerConnectionManagerRequest", "result":"SYNC_SERVER_OK", "context":{"environment":"Prod_WestEurope_000l", "migrationStage":"NotStarted", "server":"GENERAL01000008"}}
{"logTime": "1001/183542", "correlationVector":"Rlo7WBqJlFGCPNtGub4OKs.2","action":"GetUpdates", "result":"DeleteReceived", "context":{"id":"47076876-2f24-4c7d-a8e3-b40296662c3b", "isDeleted:":"true", "version":"1679100977443"}}
{"logTime": "1001/183542", "correlationVector":"Rlo7WBqJlFGCPNtGub4OKs.3","action":"GetUpdates", "result":"DeleteReceived", "context":{"id":"63040330-2e56-4665-86c6-c52ebc26e1c2", "isDeleted:":"true", "version":"1680132923709"}}
{"logTime": "1001/183542", "correlationVector":"Rlo7WBqJlFGCPNtGub4OKs.4","action":"GetUpdates", "result":"DeleteReceived", "context":{"id":"d5e08239-c9ef-41da-82b6-332f35250b61", "isDeleted:":"true", "version":"1680132924317"}}
{"logTime": "1001/183542", "correlationVector":"Rlo7WBqJlFGCPNtGub4OKs.5","action":"GetUpdates", "result":"DeleteReceived", "context":{"id":"34b1e20b-c532-4751-935c-050dc4caeea1", "isDeleted:":"true", "version":"1680132924795"}}
{"logTime": "1001/183542", "correlationVector":"Rlo7WBqJlFGCPNtGub4OKs.6","action":"GetUpdates", "result":"DeleteReceived", "context":{"id":"842bdb9c-8f13-4199-87e1-10d2a2919336", "isDeleted:":"true", "version":"1680132925630"}}
{"logTime": "1001/183542", "correlationVector":"Rlo7WBqJlFGCPNtGub4OKs.7","action":"GetUpdates", "result":"DeleteReceived", "context":{"id":"f07a3613-e651-4307-98fa-cbe99d1986cc", "isDeleted:":"true", "version":"1680132926156"}}
{"logTime": "1001/183542", "correlationVector":"Rlo7WBqJlFGCPNtGub4OKs.8","action":"GetUpdates", "result":"DeleteReceived", "context":{"id":"16f585b9-f189-4876-a557-720dd30faffe", "isDeleted:":"true", "version":"1680132927170"}}
{"logTime": "1001/183542", "correlationVector":"Rlo7WBqJlFGCPNtGub4OKs.9","action":"GetUpdates", "result":"DeleteReceived", "context":{"id":"cae450c5-b7fe-4004-86fa-d0df5dffe4d5", "isDeleted:":"true", "version":"1680132927718"}}
{"logTime": "1001/183542", "correlationVector":"Rlo7WBqJlFGCPNtGub4OKs.10","action":"GetUpdates", "result":"DeleteReceived", "context":{"id":"ff33b1fc-591e-4e3f-8911-728bc07da3a5", "isDeleted:":"true", "version":"1680132928207"}}
{"logTime": "1001/183542", "correlationVector":"Rlo7WBqJlFGCPNtGub4OKs.11","action":"GetUpdates", "result":"DeleteReceived", "context":{"id":"5d129328-3af5-4bce-b216-a313b618b424", "isDeleted:":"true", "version":"1680132928807"}}
{"logTime": "1001/183543", "correlationVector":"Rlo7WBqJlFGCPNtGub4OKs.12","action":"GetUpdates", "result":"DeleteReceived", "context":{"id":"09e21576-0391-4768-a93f-2fc69ac6edbd", "isDeleted:":"true", "version":"1680132929940"}}
{"logTime": "1001/183543", "correlationVector":"Rlo7WBqJlFGCPNtGub4OKs.13","action":"GetUpdates", "result":"DeleteReceived", "context":{"id":"40692f9b-eadb-4a11-bb14-1b773394a4e3", "isDeleted:":"true", "version":"1680132942960"}}
{"logTime": "1001/183543", "correlationVector":"Rlo7WBqJlFGCPNtGub4OKs.14","action":"GetUpdates", "result":"DeleteReceived", "context":{"id":"08d5c738-474a-4c16-ac7c-53360ee85fcc", "isDeleted:":"true", "version":"1680132945783"}}
{"logTime": "1001/183543", "correlationVector":"Rlo7WBqJlFGCPNtGub4OKs.15","action":"GetUpdates", "result":"DeleteReceived", "context":{"id":"66604110-50c7-4f47-ad97-57f2c277d642", "isDeleted:":"true", "version":"1680132948198"}}
{"logTime": "1001/183543", "correlationVector":"Rlo7WBqJlFGCPNtGub4OKs.16","action":"GetUpdates", "result":"DeleteReceived", "context":{"id":"b6bdf4f0-e736-40b6-a0bf-17a7d1c9a7d2", "isDeleted:":"true", "version":"1680132949137"}}
{"logTime": "1001/183543", "correlationVector":"Rlo7WBqJlFGCPNtGub4OKs.17","action":"GetUpdates", "result":"DeleteReceived", "context":{"id":"4195ba0c-c847-4f6e-8cc4-8092d1ffc8f1", "isDeleted:":"true", "version":"1680132950322"}}
{"logTime": "1001/183543", "correlationVector":"Rlo7WBqJlFGCPNtGub4OKs.18","action":"GetUpdates", "result":"DeleteReceived", "context":{"id":"37dae3ac-aa5a-487b-90d4-d9f8b1b18348", "isDeleted:":"true", "version":"1680132950805"}}
{"logTime": "1001/183543", "correlationVector":"Rlo7WBqJlFGCPNtGub4OKs.19","action":"GetUpdates", "result":"DeleteReceived", "context":{"id":"5da31f5e-0593-43e8-9507-cd27d82a1713", "isDeleted:":"true", "version":"1680132951489"}}
{"logTime": "1001/183543", "correlationVector":"Rlo7WBqJlFGCPNtGub4OKs.20","action":"GetUpdates", "result":"DeleteReceived", "context":{"id":"301e644e-a4e9-45e8-be17-8f99272257cb", "isDeleted:":"true", "version":"1680132952607"}}
{"logTime": "1001/183543", "correlationVector":"Rlo7WBqJlFGCPNtGub4OKs.21","action":"GetUpdates", "result":"DeleteReceived", "context":{"id":"b4160779-1324-4c8f-be4c-cca88e794715", "isDeleted:":"true", "version":"1680132954610"}}
{"logTime": "1001/183543", "correlationVector":"Rlo7WBqJlFGCPNtGub4OKs.22","action":"GetUpdates", "result":"DeleteReceived", "context":{"id":"13d2c632-58cd-4f46-aad9-10cd30255035", "isDeleted:":"true", "version":"1680132964389"}}
{"logTime": "1001/183543", "correlationVector":"Rlo7WBqJlFGCPNtGub4OKs.23","action":"GetUpdates", "result":"DeleteReceived", "context":{"id":"85fe7a3e-6139-4d43-aefb-95344ef05f12", "isDeleted:":"true", "version":"1684518041239"}}
{"logTime": "1001/183543", "correlationVector":"Rlo7WBqJlFGCPNtGub4OKs.24","action":"GetUpdates", "result":"DeleteReceived", "context":{"id":"561a161d-3afc-4031-888c-d41a55eee450", "isDeleted:":"true", "version":"1691151731225"}}
{"logTime": "1001/183543", "correlationVector":"Rlo7WBqJlFGCPNtGub4OKs.25","action":"GetUpdates", "result":"DeleteReceived", "context":{"id":"6f41c358-285f-40ac-8085-098da5d08555", "isDeleted:":"true", "version":"1692307998730"}}
{"logTime": "1001/183543", "correlationVector":"Rlo7WBqJlFGCPNtGub4OKs.26","action":"GetUpdates", "result":"DeleteReceived", "context":{"id":"fb2e235e-7ac6-4895-a28e-d72549f8129d", "isDeleted:":"true", "version":"1694475314632"}}
{"logTime": "1001/183543", "correlationVector":"Rlo7WBqJlFGCPNtGub4OKs.27","action":"GetUpdates", "result":"DeleteReceived", "context":{"id":"ca65628c-4432-4c68-8a4e-abf30c4c6146", "isDeleted:":"true", "version":"1694555507912"}}
{"logTime": "1001/183543", "correlationVector":"Rlo7WBqJlFGCPNtGub4OKs.28","action":"GetUpdates", "result":"DeleteReceived", "context":{"id":"9f862827-3b7c-451d-b3ce-0b593582baab", "isDeleted:":"true", "version":"1694555516667"}}
{"logTime": "1001/183543", "correlationVector":"Rlo7WBqJlFGCPNtGub4OKs.29","action":"GetUpdates Response", "result":"SYNCER_OK", "context":Received 130 update(s). cV=Rlo7WBqJlFGCPNtGub4OKs.0;server=GENERAL01000008;cloudType=Consumer;environment=Prod_WestEurope_000l;migrationStage=NotStarted}
{"logTime": "1001/183543", "correlationVector":"JmiDUEkj4rGMp6VyMjdxrc","action":"Normal GetUpdate request", "result":"", "context":cV=JmiDUEkj4rGMp6VyMjdxrc
Nudged types: Sessions, User Consents
Refresh requested types: Bookmarks, Preferences, Passwords, Autofill Profiles, Autofill, Autofill Custom Data, Typed URLs, Extensions, Sessions, Extension settings, History Delete Directives, Device Info, User Consents, Send Tab To Self, Web Apps, Collection, Edge E Drop, Edge Hub App Usage, Edge Wallet, Encryption Keys}
{"logTime": "1001/183543", "correlationVector":"JmiDUEkj4rGMp6VyMjdxrc.1","action":"SyncServerConnectionManagerRequest", "result":"SYNC_SERVER_OK", "context":{"environment":"Prod_WestEurope_000l", "migrationStage":"NotStarted", "server":"general01000006"}}
{"logTime": "1001/183543", "correlationVector":"JmiDUEkj4rGMp6VyMjdxrc.2","action":"GetUpdates", "result":"DeleteReceived", "context":{"id":"26de2435-f503-4090-a22d-696bfc2cdea0", "isDeleted:":"true", "version":"1696181165970"}}
{"logTime": "1001/183543", "correlationVector":"JmiDUEkj4rGMp6VyMjdxrc.3","action":"GetUpdates", "result":"DeleteReceived", "context":{"id":"693fa475-dc32-49cf-bdbc-5b68774dea6b", "isDeleted:":"true", "version":"1696183493929"}}
{"logTime": "1001/183543", "correlationVector":"JmiDUEkj4rGMp6VyMjdxrc.4","action":"GetUpdates", "result":"DeleteReceived", "context":{"id":"4edcb986-ebaf-4667-8f5b-14d7f17550fc", "isDeleted:":"true", "version":"1696183493931"}}
{"logTime": "1001/183543", "correlationVector":"JmiDUEkj4rGMp6VyMjdxrc.5","action":"GetUpdates", "result":"DeleteReceived", "context":{"id":"7411cc6a-b7b3-4b30-84ea-50bf1580e46c", "isDeleted:":"true", "version":"1696183493932"}}
{"logTime": "1001/183543", "correlationVector":"JmiDUEkj4rGMp6VyMjdxrc.6","action":"GetUpdates", "result":"DeleteReceived", "context":{"id":"b5deb8e7-8f66-49d6-8280-e41e7c063a5a", "isDeleted:":"true", "version":"1696183570896"}}
{"logTime": "1001/183543", "correlationVector":"JmiDUEkj4rGMp6VyMjdxrc.7","action":"GetUpdates", "result":"DeleteReceived", "context":{"id":"97c49ad2-bc7a-4183-9b2e-9e8c548a86c3", "isDeleted:":"true", "version":"1696183997261"}}
{"logTime": "1001/183543", "correlationVector":"JmiDUEkj4rGMp6VyMjdxrc.8","action":"GetUpdates", "result":"DeleteReceived", "context":{"id":"6e2cd762-b0f0-4836-a6b3-4cef1f5b370f", "isDeleted:":"true", "version":"1696184854580"}}
{"logTime": "1001/183543", "correlationVector":"JmiDUEkj4rGMp6VyMjdxrc.9","action":"GetUpdates Response", "result":"SYNCER_OK", "context":Received 15 update(s). cV=JmiDUEkj4rGMp6VyMjdxrc.0;server=general01000006;cloudType=Consumer;environment=Prod_WestEurope_000l;migrationStage=NotStarted}
{"logTime": "1001/183543", "correlationVector":"2qhE2+hFgch9NQ0tWW1G4D","action":"Commit Request", "result":"", "context":Item count: 4
Contributing types: Sessions, User Consents}
{"logTime": "1001/183543", "correlationVector":"dDRP8URPU2WN8goz5NPddU.0","action":"FeedSettingFetch_homeCloud", "result":"0", "context":{}}
{"logTime": "1001/183543", "correlationVector":"2qhE2+hFgch9NQ0tWW1G4D.1","action":"SyncServerConnectionManagerRequest", "result":"SYNC_SERVER_OK", "context":{"environment":"Prod_WestEurope_000l", "migrationStage":"NotStarted", "server":"general01000021"}}
{"logTime": "1001/183543", "correlationVector":"2qhE2+hFgch9NQ0tWW1G4D.3","action":"Commit.Sessions", "result":"Success", "context":{"id":"b314adfc-5fe2-4a13-b919-9fc84db13b95", "isDeleted":"true", "size":"0", "version":"1696181165972"}}
{"logTime": "1001/183543", "correlationVector":"2qhE2+hFgch9NQ0tWW1G4D.2","action":"Commit Response", "result":"SYNCER_OK", "context":Result: SYNCER_OK. cV=2qhE2+hFgch9NQ0tWW1G4D.0;server=general01000021;cloudType=Consumer;environment=Prod_WestEurope_000l;migrationStage=NotStarted}
{"logTime": "1001/183556", "correlationVector":"+g2e6XqOMLw6eySat+SMpe","action":"SyncServerConnectionManagerRequest", "result":"SYNC_SERVER_OK", "context":{"environment":"", "migrationStage":"", "server":""}}
{"logTime": "1001/183556", "correlationVector":"IsFADr5/jgP7E0ZKpTtOcQ","action":"Normal GetUpdate request", "result":"", "context":cV=IsFADr5/jgP7E0ZKpTtOcQ
Nudged types: Sessions
Notified types: Autofill}
{"logTime": "1001/183557", "correlationVector":"IsFADr5/jgP7E0ZKpTtOcQ.1","action":"SyncServerConnectionManagerRequest", "result":"SYNC_SERVER_OK", "context":{"environment":"Prod_WestEurope_000l", "migrationStage":"NotStarted", "server":"general01000006"}}
{"logTime": "1001/183557", "correlationVector":"IsFADr5/jgP7E0ZKpTtOcQ.2","action":"GetUpdates", "result":"DeleteReceived", "context":{"id":"b314adfc-5fe2-4a13-b919-9fc84db13b95", "isDeleted:":"true", "version":"1696185366611"}}
{"logTime": "1001/183557", "correlationVector":"IsFADr5/jgP7E0ZKpTtOcQ.3","action":"GetUpdates Response", "result":"SYNCER_OK", "context":Received 3 update(s). cV=IsFADr5/jgP7E0ZKpTtOcQ.0;server=general01000006;cloudType=Consumer;environment=Prod_WestEurope_000l;migrationStage=NotStarted}
{"logTime": "1001/183557", "correlationVector":"lUrkWVrAumMUr7VoOBCVId","action":"Commit Request", "result":"", "context":Item count: 1
Contributing types: Sessions}
{"logTime": "1001/183558", "correlationVector":"lUrkWVrAumMUr7VoOBCVId.1","action":"SyncServerConnectionManagerRequest", "result":"SYNC_SERVER_OK", "context":{"environment":"Prod_WestEurope_000l", "migrationStage":"NotStarted", "server":"GENERAL0100000T"}}
{"logTime": "1001/183558", "correlationVector":"lUrkWVrAumMUr7VoOBCVId.2","action":"Commit Response", "result":"SYNCER_OK", "context":Result: SYNCER_OK. cV=lUrkWVrAumMUr7VoOBCVId.0;server=GENERAL0100000T;cloudType=Consumer;environment=Prod_WestEurope_000l;migrationStage=NotStarted}
{"logTime": "1001/183558", "correlationVector":"f/uO9bZiiin8ilC23fDtqz","action":"Normal GetUpdate request", "result":"", "context":cV=f/uO9bZiiin8ilC23fDtqz
Nudged types: Sessions
Refresh requested types: Bookmarks, Preferences, Passwords, Autofill Profiles, Autofill, Autofill Custom Data, Typed URLs, Extensions, Sessions, Extension settings, History Delete Directives, Device Info, User Consents, Send Tab To Self, Web Apps, Collection, Edge E Drop, Edge Hub App Usage, Edge Wallet, Encryption Keys}
{"logTime": "1001/183558", "correlationVector":"f/uO9bZiiin8ilC23fDtqz.1","action":"SyncServerConnectionManagerRequest", "result":"SYNC_SERVER_OK", "context":{"environment":"Prod_WestEurope_x00e", "migrationStage":"NotStarted", "server":"GENERAL01000008"}}
{"logTime": "1001/183558", "correlationVector":"f/uO9bZiiin8ilC23fDtqz.2","action":"GetUpdates Response", "result":"SYNCER_OK", "context":Received 1 update(s). cV=f/uO9bZiiin8ilC23fDtqz.0;server=GENERAL01000008;cloudType=Consumer;environment=Prod_WestEurope_x00e;migrationStage=NotStarted}
{"logTime": "1001/183626", "correlationVector":"QA481PnRYjNxJbTLod6zku","action":"Commit Request", "result":"", "context":Item count: 2
Contributing types: Sessions}
{"logTime": "1001/183627", "correlationVector":"QA481PnRYjNxJbTLod6zku.1","action":"SyncServerConnectionManagerRequest", "result":"SYNC_SERVER_OK", "context":{"environment":"Prod_WestEurope_000l", "migrationStage":"NotStarted", "server":"general01000006"}}
{"logTime": "1001/183627", "correlationVector":"QA481PnRYjNxJbTLod6zku.2","action":"Commit Response", "result":"SYNCER_OK", "context":Result: SYNCER_OK. cV=QA481PnRYjNxJbTLod6zku.0;server=general01000006;cloudType=Consumer;environment=Prod_WestEurope_000l;migrationStage=NotStarted}
{"logTime": "1001/183745", "correlationVector":"Qaof0g/yXTsZ/74untX/lj","action":"Commit Request", "result":"", "context":Item count: 3
Contributing types: Sessions}
{"logTime": "1001/183746", "correlationVector":"Qaof0g/yXTsZ/74untX/lj.1","action":"SyncServerConnectionManagerRequest", "result":"SYNC_SERVER_OK", "context":{"environment":"Prod_WestEurope_000l", "migrationStage":"NotStarted", "server":"GENERAL01000015"}}
{"logTime": "1001/183746", "correlationVector":"Qaof0g/yXTsZ/74untX/lj.2","action":"Commit Response", "result":"SYNCER_OK", "context":Result: SYNCER_OK. cV=Qaof0g/yXTsZ/74untX/lj.0;server=GENERAL01000015;cloudType=Consumer;environment=Prod_WestEurope_000l;migrationStage=NotStarted}
{"logTime": "1001/183837", "correlationVector":"jWUMPfm//xuRlNSecgtyyE","action":"Commit Request", "result":"", "context":Item count: 3
Contributing types: Sessions}
{"logTime": "1001/183838", "correlationVector":"jWUMPfm//xuRlNSecgtyyE.1","action":"SyncServerConnectionManagerRequest", "result":"SYNC_SERVER_OK", "context":{"environment":"Prod_WestEurope_000l", "migrationStage":"NotStarted", "server":"general0100000H"}}
{"logTime": "1001/183838", "correlationVector":"jWUMPfm//xuRlNSecgtyyE.2","action":"Commit Response", "result":"SYNCER_OK", "context":Result: SYNCER_OK. cV=jWUMPfm//xuRlNSecgtyyE.0;server=general0100000H;cloudType=Consumer;environment=Prod_WestEurope_000l;migrationStage=NotStarted}
{"logTime": "1001/183910", "correlationVector":"ZGlzY5D8Vj6Z0dmtcizYte","action":"Commit Request", "result":"", "context":Item count: 3
Contributing types: Sessions}
{"logTime": "1001/183910", "correlationVector":"ZGlzY5D8Vj6Z0dmtcizYte.1","action":"SyncServerConnectionManagerRequest", "result":"SYNC_SERVER_OK", "context":{"environment":"Prod_WestEurope_000l", "migrationStage":"NotStarted", "server":"general0100000V"}}
{"logTime": "1001/183910", "correlationVector":"ZGlzY5D8Vj6Z0dmtcizYte.2","action":"Commit Response", "result":"SYNCER_OK", "context":Result: SYNCER_OK. cV=ZGlzY5D8Vj6Z0dmtcizYte.0;server=general0100000V;cloudType=Consumer;environment=Prod_WestEurope_000l;migrationStage=NotStarted}
{"logTime": "1001/183910", "correlationVector":"ZGlzY5D8Vj6Z0dmtcizYte.3","action":"Commit.Sessions", "result":"Success", "context":{"id":"83b7a0ee-bb8c-4cff-9062-1e9db86bbc41", "isDeleted":"true", "size":"0", "version":"1696185553332"}}
{"logTime": "1001/183910", "correlationVector":"ZGlzY5D8Vj6Z0dmtcizYte.4","action":"Commit.Sessions", "result":"Success", "context":{"id":"974d00ab-3d9c-441b-92a8-fe5775a84b68", "isDeleted":"true", "size":"0", "version":"1696185553333"}}
{"logTime": "1001/184444", "correlationVector":"2zagWhAU0w5u3o4PecTMFv","action":"Commit Request", "result":"", "context":Item count: 1
Contributing types: Sessions}
{"logTime": "1001/184445", "correlationVector":"2zagWhAU0w5u3o4PecTMFv.1","action":"SyncServerConnectionManagerRequest", "result":"SYNC_SERVER_OK", "context":{"environment":"Prod_WestEurope_000l", "migrationStage":"NotStarted", "server":"general0100000A"}}
{"logTime": "1001/184445", "correlationVector":"2zagWhAU0w5u3o4PecTMFv.2","action":"Commit Response", "result":"SYNCER_OK", "context":Result: SYNCER_OK. cV=2zagWhAU0w5u3o4PecTMFv.0;server=general0100000A;cloudType=Consumer;environment=Prod_WestEurope_000l;migrationStage=NotStarted}
{"logTime": "1001/184527", "correlationVector":"d0D4VoKyFn2qJj5tTdXs5w","action":"Commit Request", "result":"", "context":Item count: 1
Contributing types: Sessions}
{"logTime": "1001/184527", "correlationVector":"d0D4VoKyFn2qJj5tTdXs5w.1","action":"SyncServerConnectionManagerRequest", "result":"SYNC_SERVER_OK", "context":{"environment":"Prod_WestEurope_000l", "migrationStage":"NotStarted", "server":"general01000002"}}
{"logTime": "1001/184527", "correlationVector":"d0D4VoKyFn2qJj5tTdXs5w.2","action":"Commit Response", "result":"SYNCER_OK", "context":Result: SYNCER_OK. cV=d0D4VoKyFn2qJj5tTdXs5w.0;server=general01000002;cloudType=Consumer;environment=Prod_WestEurope_000l;migrationStage=NotStarted}
